[2025-11-08 14:44:26Z INFO HostContext] No proxy settings were found based on environmental variables (http_proxy/https_proxy/HTTP_PROXY/HTTPS_PROXY)
[2025-11-08 14:44:26Z INFO HostContext] Well known directory 'Bin': 'C:\Users\Apole\Desktop\Trabalho\actions-runner\bin'
[2025-11-08 14:44:26Z INFO HostContext] Well known directory 'Root': 'C:\Users\Apole\Desktop\Trabalho\actions-runner'
[2025-11-08 14:44:26Z INFO HostContext] Well known config file 'Credentials': 'C:\Users\Apole\Desktop\Trabalho\actions-runner\.credentials'
[2025-11-08 14:44:26Z INFO HostContext] Well known directory 'Bin': 'C:\Users\Apole\Desktop\Trabalho\actions-runner\bin'
[2025-11-08 14:44:26Z INFO HostContext] Well known directory 'Root': 'C:\Users\Apole\Desktop\Trabalho\actions-runner'
[2025-11-08 14:44:26Z INFO HostContext] Well known config file 'Runner': 'C:\Users\Apole\Desktop\Trabalho\actions-runner\.runner'
[2025-11-08 14:44:26Z INFO Listener] Runner is built for Windows (X64) - win-x64.
[2025-11-08 14:44:26Z INFO Listener] RuntimeInformation: Microsoft Windows 10.0.22631.
[2025-11-08 14:44:26Z INFO Listener] Version: 2.329.0
[2025-11-08 14:44:26Z INFO Listener] Commit: c76c59996c8fa32e989164a5a695efb12608ae5a
[2025-11-08 14:44:26Z INFO Listener] Culture: pt-BR
[2025-11-08 14:44:26Z INFO Listener] UI Culture: pt-BR
[2025-11-08 14:44:26Z INFO HostContext] Well known directory 'Bin': 'C:\Users\Apole\Desktop\Trabalho\actions-runner\bin'
[2025-11-08 14:44:26Z INFO HostContext] Well known directory 'Root': 'C:\Users\Apole\Desktop\Trabalho\actions-runner'
[2025-11-08 14:44:26Z INFO Listener] Validating directory permissions for: 'C:\Users\Apole\Desktop\Trabalho\actions-runner'
[2025-11-08 14:44:26Z INFO CommandLineParser] Parse
[2025-11-08 14:44:26Z INFO CommandLineParser] Parsing 1 args
[2025-11-08 14:44:26Z INFO CommandLineParser] parsing argument
[2025-11-08 14:44:26Z INFO CommandLineParser] HasArgs: False
[2025-11-08 14:44:26Z INFO CommandLineParser] Adding Command: run
[2025-11-08 14:44:26Z INFO Listener] Arguments parsed
[2025-11-08 14:44:26Z INFO Runner] ExecuteCommand
[2025-11-08 14:44:26Z INFO ConfigurationStore] currentAssemblyLocation: C:\Users\Apole\Desktop\Trabalho\actions-runner\bin\Runner.Listener.dll
[2025-11-08 14:44:26Z INFO HostContext] Well known directory 'Bin': 'C:\Users\Apole\Desktop\Trabalho\actions-runner\bin'
[2025-11-08 14:44:26Z INFO ConfigurationStore] binPath: C:\Users\Apole\Desktop\Trabalho\actions-runner\bin
[2025-11-08 14:44:26Z INFO HostContext] Well known directory 'Bin': 'C:\Users\Apole\Desktop\Trabalho\actions-runner\bin'
[2025-11-08 14:44:26Z INFO HostContext] Well known directory 'Root': 'C:\Users\Apole\Desktop\Trabalho\actions-runner'
[2025-11-08 14:44:26Z INFO ConfigurationStore] RootFolder: C:\Users\Apole\Desktop\Trabalho\actions-runner
[2025-11-08 14:44:26Z INFO HostContext] Well known directory 'Bin': 'C:\Users\Apole\Desktop\Trabalho\actions-runner\bin'
[2025-11-08 14:44:26Z INFO HostContext] Well known directory 'Root': 'C:\Users\Apole\Desktop\Trabalho\actions-runner'
[2025-11-08 14:44:26Z INFO HostContext] Well known config file 'Runner': 'C:\Users\Apole\Desktop\Trabalho\actions-runner\.runner'
[2025-11-08 14:44:26Z INFO ConfigurationStore] ConfigFilePath: C:\Users\Apole\Desktop\Trabalho\actions-runner\.runner
[2025-11-08 14:44:26Z INFO HostContext] Well known directory 'Bin': 'C:\Users\Apole\Desktop\Trabalho\actions-runner\bin'
[2025-11-08 14:44:26Z INFO HostContext] Well known directory 'Root': 'C:\Users\Apole\Desktop\Trabalho\actions-runner'
[2025-11-08 14:44:26Z INFO HostContext] Well known config file 'MigratedRunner': 'C:\Users\Apole\Desktop\Trabalho\actions-runner\.runner_migrated'
[2025-11-08 14:44:26Z INFO ConfigurationStore] MigratedConfigFilePath: C:\Users\Apole\Desktop\Trabalho\actions-runner\.runner_migrated
[2025-11-08 14:44:26Z INFO HostContext] Well known directory 'Bin': 'C:\Users\Apole\Desktop\Trabalho\actions-runner\bin'
[2025-11-08 14:44:26Z INFO HostContext] Well known directory 'Root': 'C:\Users\Apole\Desktop\Trabalho\actions-runner'
[2025-11-08 14:44:26Z INFO HostContext] Well known config file 'Credentials': 'C:\Users\Apole\Desktop\Trabalho\actions-runner\.credentials'
[2025-11-08 14:44:26Z INFO ConfigurationStore] CredFilePath: C:\Users\Apole\Desktop\Trabalho\actions-runner\.credentials
[2025-11-08 14:44:26Z INFO HostContext] Well known directory 'Bin': 'C:\Users\Apole\Desktop\Trabalho\actions-runner\bin'
[2025-11-08 14:44:26Z INFO HostContext] Well known directory 'Root': 'C:\Users\Apole\Desktop\Trabalho\actions-runner'
[2025-11-08 14:44:26Z INFO HostContext] Well known config file 'MigratedCredentials': 'C:\Users\Apole\Desktop\Trabalho\actions-runner\.credentials_migrated'
[2025-11-08 14:44:26Z INFO ConfigurationStore] MigratedCredFilePath: C:\Users\Apole\Desktop\Trabalho\actions-runner\.credentials_migrated
[2025-11-08 14:44:26Z INFO HostContext] Well known directory 'Bin': 'C:\Users\Apole\Desktop\Trabalho\actions-runner\bin'
[2025-11-08 14:44:26Z INFO HostContext] Well known directory 'Root': 'C:\Users\Apole\Desktop\Trabalho\actions-runner'
[2025-11-08 14:44:26Z INFO HostContext] Well known config file 'Service': 'C:\Users\Apole\Desktop\Trabalho\actions-runner\.service'
[2025-11-08 14:44:26Z INFO ConfigurationStore] ServiceConfigFilePath: C:\Users\Apole\Desktop\Trabalho\actions-runner\.service
[2025-11-08 14:44:26Z INFO CommandSettings] Flag 'help': 'False'
[2025-11-08 14:44:26Z INFO CommandSettings] Flag 'version': 'False'
[2025-11-08 14:44:26Z INFO CommandSettings] Flag 'commit': 'False'
[2025-11-08 14:44:26Z INFO CommandSettings] Flag 'check': 'False'
[2025-11-08 14:44:26Z INFO CommandSettings] Command 'configure': 'False'
[2025-11-08 14:44:26Z INFO CommandSettings] Command 'remove': 'False'
[2025-11-08 14:44:26Z INFO CommandSettings] Command 'warmup': 'False'
[2025-11-08 14:44:26Z INFO ConfigurationManager] LoadSettings
[2025-11-08 14:44:26Z INFO ConfigurationStore] IsConfigured()
[2025-11-08 14:44:26Z INFO ConfigurationStore] IsConfigured: True
[2025-11-08 14:44:26Z INFO ConfigurationManager] Is configured: True
[2025-11-08 14:44:26Z INFO ConfigurationStore] Read setting file: 404 chars
[2025-11-08 14:44:26Z INFO ConfigurationManager] Settings Loaded
[2025-11-08 14:44:26Z INFO ConfigurationStore] IsServiceConfigured()
[2025-11-08 14:44:26Z INFO ConfigurationStore] IsServiceConfigured: False
[2025-11-08 14:44:26Z INFO CommandSettings] Command 'run': 'True'
[2025-11-08 14:44:26Z INFO ConfigurationStore] IsConfigured()
[2025-11-08 14:44:26Z INFO ConfigurationStore] IsConfigured: True
[2025-11-08 14:44:26Z INFO ConfigurationManager] Is configured: True
[2025-11-08 14:44:26Z INFO Runner] Could not parse the argument value '' for StartupType. Defaulting to Manual
[2025-11-08 14:44:26Z INFO Runner] Set runner startup type - Manual
[2025-11-08 14:44:26Z INFO CommandSettings] Flag 'once': 'False'
[2025-11-08 14:44:26Z INFO CommandSettings] Flag 'once': 'False'
[2025-11-08 14:44:26Z INFO Runner] RunAsync
[2025-11-08 14:44:26Z INFO ConfigurationManager] LoadMigratedSettings
[2025-11-08 14:44:26Z INFO ConfigurationStore] IsMigratedConfigured()
[2025-11-08 14:44:26Z INFO ConfigurationStore] IsMigratedConfigured: False
[2025-11-08 14:44:26Z INFO Runner] Failed to load migrated settings: No migrated configuration found.
[2025-11-08 14:44:26Z INFO Runner] Falling back to original .runner settings
[2025-11-08 14:44:26Z INFO Runner] Using BrokerMessageListener
[2025-11-08 14:44:26Z INFO BrokerMessageListener] Using provided settings
[2025-11-08 14:44:26Z INFO BrokerMessageListener] {
  "AgentId": 21,
  "AgentName": "DESKTOP-3MPOO7K",
  "PoolId": 1,
  "PoolName": "Default",
  "ServerUrl": "https://pipelinesghubeus9.actions.githubusercontent.com/EusMtS3wwDsUDE8KkeiP0ZAMUSOJQGjkGSA3zLlc0A2Nid4RUa/",
  "GitHubUrl": "https://github.com/Alox01/Kubernets_trabalho",
  "WorkFolder": "_work",
  "UseV2Flow": true,
  "ServerUrlV2": "https://broker.actions.githubusercontent.com/"
}
[2025-11-08 14:44:26Z INFO BrokerMessageListener] Loading Credentials
[2025-11-08 14:44:26Z INFO ConfigurationStore] HasCredentials()
[2025-11-08 14:44:26Z INFO ConfigurationStore] stored True
[2025-11-08 14:44:26Z INFO CredentialManager] GetCredentialProvider
[2025-11-08 14:44:26Z INFO CredentialManager] Creating type OAuth
[2025-11-08 14:44:26Z INFO CredentialManager] Creating credential type: OAuth
[2025-11-08 14:44:26Z INFO HostContext] Well known directory 'Bin': 'C:\Users\Apole\Desktop\Trabalho\actions-runner\bin'
[2025-11-08 14:44:26Z INFO HostContext] Well known directory 'Root': 'C:\Users\Apole\Desktop\Trabalho\actions-runner'
[2025-11-08 14:44:26Z INFO HostContext] Well known config file 'RSACredentials': 'C:\Users\Apole\Desktop\Trabalho\actions-runner\.credentials_rsaparams'
[2025-11-08 14:44:26Z INFO RSAEncryptedFileKeyManager] Loading RSA key parameters from file C:\Users\Apole\Desktop\Trabalho\actions-runner\.credentials_rsaparams
[2025-11-08 14:44:26Z INFO BrokerMessageListener] Attempt to create session.
[2025-11-08 14:44:26Z INFO BrokerMessageListener] Connecting to the Broker Server...
[2025-11-08 14:44:26Z INFO ConfigurationStore] HasCredentials()
[2025-11-08 14:44:26Z INFO ConfigurationStore] stored True
[2025-11-08 14:44:26Z INFO CredentialManager] GetCredentialProvider
[2025-11-08 14:44:26Z INFO CredentialManager] Creating type OAuth
[2025-11-08 14:44:26Z INFO CredentialManager] Creating credential type: OAuth
[2025-11-08 14:44:26Z INFO RSAEncryptedFileKeyManager] Loading RSA key parameters from file C:\Users\Apole\Desktop\Trabalho\actions-runner\.credentials_rsaparams
[2025-11-08 14:44:26Z INFO BrokerMessageListener] VssConnection created
[2025-11-08 14:44:26Z INFO BrokerMessageListener] Connecting to the Runner server...
[2025-11-08 14:44:26Z INFO RunnerServer] EstablishVssConnection
[2025-11-08 14:44:26Z INFO RunnerServer] Establish connection with 100 seconds timeout.
[2025-11-08 14:44:26Z INFO GitHubActionsService] Starting operation Location.GetConnectionData
[2025-11-08 14:44:26Z INFO RunnerServer] EstablishVssConnection
[2025-11-08 14:44:26Z INFO RunnerServer] Establish connection with 60 seconds timeout.
[2025-11-08 14:44:26Z INFO GitHubActionsService] Starting operation Location.GetConnectionData
[2025-11-08 14:44:26Z INFO RunnerServer] EstablishVssConnection
[2025-11-08 14:44:26Z INFO RunnerServer] Establish connection with 60 seconds timeout.
[2025-11-08 14:44:26Z INFO GitHubActionsService] Starting operation Location.GetConnectionData
[2025-11-08 14:44:27Z INFO GitHubActionsService] Finished operation Location.GetConnectionData
[2025-11-08 14:44:27Z INFO GitHubActionsService] Finished operation Location.GetConnectionData
[2025-11-08 14:44:27Z INFO GitHubActionsService] Finished operation Location.GetConnectionData
[2025-11-08 14:44:27Z INFO BrokerMessageListener] VssConnection created
[2025-11-08 14:44:27Z INFO Terminal] WRITE LINE: 
[2025-11-08 14:44:27Z INFO Terminal] WRITE LINE: 
[2025-11-08 14:44:27Z INFO RSAEncryptedFileKeyManager] Loading RSA key parameters from file C:\Users\Apole\Desktop\Trabalho\actions-runner\.credentials_rsaparams
[2025-11-08 14:44:27Z INFO RSAEncryptedFileKeyManager] Loading RSA key parameters from file C:\Users\Apole\Desktop\Trabalho\actions-runner\.credentials_rsaparams
[2025-11-08 14:44:28Z INFO GitHubActionsService] AAD Correlation ID for this token request: Unknown
[2025-11-08 14:44:28Z INFO BrokerMessageListener] Session created.
[2025-11-08 14:44:28Z INFO Terminal] WRITE LINE: Current runner version: '2.329.0'
[2025-11-08 14:44:28Z INFO Terminal] WRITE LINE: 2025-11-08 14:44:28Z: Listening for Jobs
[2025-11-08 14:44:28Z INFO JobDispatcher] Set runner/worker IPC timeout to 30 seconds.
[2025-11-08 14:44:29Z INFO BrokerMessageListener] Acknowledging runner request '85b6d6a4-6338-504b-b0ce-949d538170b4'.
[2025-11-08 14:44:29Z INFO ConfigurationStore] HasCredentials()
[2025-11-08 14:44:29Z INFO ConfigurationStore] stored True
[2025-11-08 14:44:29Z INFO CredentialManager] GetCredentialProvider
[2025-11-08 14:44:29Z INFO CredentialManager] Creating type OAuth
[2025-11-08 14:44:29Z INFO CredentialManager] Creating credential type: OAuth
[2025-11-08 14:44:29Z INFO RSAEncryptedFileKeyManager] Loading RSA key parameters from file C:\Users\Apole\Desktop\Trabalho\actions-runner\.credentials_rsaparams
[2025-11-08 14:44:29Z INFO RSAEncryptedFileKeyManager] Loading RSA key parameters from file C:\Users\Apole\Desktop\Trabalho\actions-runner\.credentials_rsaparams
[2025-11-08 14:44:29Z INFO RSAEncryptedFileKeyManager] Loading RSA key parameters from file C:\Users\Apole\Desktop\Trabalho\actions-runner\.credentials_rsaparams
[2025-11-08 14:44:30Z INFO GitHubActionsService] AAD Correlation ID for this token request: Unknown
[2025-11-08 14:44:31Z INFO JobDispatcher] Job request 0 for plan d038e0ed-b800-4da7-87bb-003b45160bbf job 85b6d6a4-6338-504b-b0ce-949d538170b4 received.
[2025-11-08 14:44:31Z INFO JobDispatcher] Pull OrchestrationId d038e0ed-b800-4da7-87bb-003b45160bbf.deploy.__default from JWT claims
[2025-11-08 14:44:31Z INFO BrokerMessageListener] Received job status event. JobState: Busy
[2025-11-08 14:44:31Z INFO BrokerMessageListener] _getMessagesTokenSource is already disposed.
[2025-11-08 14:44:31Z INFO Terminal] WRITE LINE: 2025-11-08 14:44:31Z: Running job: deploy
[2025-11-08 14:44:31Z INFO JobDispatcher] Start renew job request 0 for job 85b6d6a4-6338-504b-b0ce-949d538170b4.
[2025-11-08 14:44:31Z INFO JobDispatcher] Successfully renew job 85b6d6a4-6338-504b-b0ce-949d538170b4, job is valid till 08/11/2025 14:54:27
[2025-11-08 14:44:31Z INFO HostContext] Well known directory 'Bin': 'C:\Users\Apole\Desktop\Trabalho\actions-runner\bin'
[2025-11-08 14:44:31Z INFO ProcessInvokerWrapper] Starting process:
[2025-11-08 14:44:31Z INFO ProcessInvokerWrapper]   File name: 'C:\Users\Apole\Desktop\Trabalho\actions-runner\bin\Runner.Worker.exe'
[2025-11-08 14:44:31Z INFO ProcessInvokerWrapper]   Arguments: 'spawnclient 2216 2228'
[2025-11-08 14:44:31Z INFO ProcessInvokerWrapper]   Working directory: 'C:\Users\Apole\Desktop\Trabalho\actions-runner\bin'
[2025-11-08 14:44:31Z INFO ProcessInvokerWrapper]   Require exit code zero: 'False'
[2025-11-08 14:44:31Z INFO ProcessInvokerWrapper]   Encoding web name:  ; code page: ''
[2025-11-08 14:44:31Z INFO ProcessInvokerWrapper]   Force kill process on cancellation: 'True'
[2025-11-08 14:44:31Z INFO ProcessInvokerWrapper]   Redirected STDIN: 'False'
[2025-11-08 14:44:31Z INFO ProcessInvokerWrapper]   Persist current code page: 'False'
[2025-11-08 14:44:31Z INFO ProcessInvokerWrapper]   Keep redirected STDIN open: 'False'
[2025-11-08 14:44:31Z INFO ProcessInvokerWrapper]   High priority process: 'True'
[2025-11-08 14:44:31Z INFO ProcessInvokerWrapper] Process started with process id 10952, waiting for process exit.
[2025-11-08 14:44:31Z INFO JobDispatcher] Send job request message to worker for job 85b6d6a4-6338-504b-b0ce-949d538170b4.
[2025-11-08 14:44:31Z INFO ProcessChannel] Sending message of length 36781, with hash 'b7a81754773238917350727766eae3fa9214495aabbffa63810b34ef6c40264f'
[2025-11-08 14:44:31Z INFO JobNotification] Entering JobStarted Notification
[2025-11-08 14:44:31Z INFO JobNotification] Entering StartMonitor
[2025-11-08 14:44:45Z INFO ProcessInvokerWrapper] STDOUT/STDERR stream read finished.
[2025-11-08 14:44:45Z INFO ProcessInvokerWrapper] STDOUT/STDERR stream read finished.
[2025-11-08 14:44:45Z INFO ProcessInvokerWrapper] Finished process 10952 with exit code 102, and elapsed time 00:00:13.6967815.
[2025-11-08 14:44:45Z INFO JobDispatcher] Worker finished for job 85b6d6a4-6338-504b-b0ce-949d538170b4. Code: 102
[2025-11-08 14:44:45Z INFO JobDispatcher] finish job request for job 85b6d6a4-6338-504b-b0ce-949d538170b4 with result: Failed
[2025-11-08 14:44:45Z INFO Terminal] WRITE LINE: 2025-11-08 14:44:45Z: Job deploy completed with result: Failed
[2025-11-08 14:44:45Z INFO JobDispatcher] Stop renew job request for job 85b6d6a4-6338-504b-b0ce-949d538170b4.
[2025-11-08 14:44:45Z INFO JobDispatcher] job renew has been cancelled, stop renew job 85b6d6a4-6338-504b-b0ce-949d538170b4.
[2025-11-08 14:44:45Z INFO JobNotification] Entering JobCompleted Notification
[2025-11-08 14:44:45Z INFO JobNotification] Entering EndMonitor
[2025-11-08 14:44:45Z INFO BrokerMessageListener] Received job status event. JobState: Online
[2025-11-08 14:44:45Z WARN GitHubActionsService] GET request to https://broker.actions.githubusercontent.com/message?sessionId=6afcddda-8d8c-47a9-91ad-75f9ea076e63&status=Busy&runnerVersion=2.329.0&os=Windows&architecture=X64&disableUpdate=false has been cancelled.
[2025-11-08 14:44:45Z ERR  BrokerServer] Catch exception during request
[2025-11-08 14:44:45Z ERR  BrokerServer] System.Threading.Tasks.TaskCanceledException: The operation was canceled.
 ---> System.Threading.Tasks.TaskCanceledException: The operation was canceled.
 ---> System.IO.IOException: Unable to read data from the transport connection: A operação de E/S foi anulada devido a uma saída de thread ou a uma requisição de aplicativo..
 ---> System.Net.Sockets.SocketException (995): A operação de E/S foi anulada devido a uma saída de thread ou a uma requisição de aplicativo.
   --- End of inner exception stack trace ---
   at System.Net.Sockets.Socket.AwaitableSocketAsyncEventArgs.ThrowException(SocketError error, CancellationToken cancellationToken)
   at System.Net.Sockets.Socket.AwaitableSocketAsyncEventArgs.System.Threading.Tasks.Sources.IValueTaskSource<System.Int32>.GetResult(Int16 token)
   at System.Net.Security.SslStream.EnsureFullTlsFrameAsync[TIOAdapter](CancellationToken cancellationToken, Int32 estimatedSize)
   at System.Runtime.CompilerServices.PoolingAsyncValueTaskMethodBuilder`1.StateMachineBox`1.System.Threading.Tasks.Sources.IValueTaskSource<TResult>.GetResult(Int16 token)
   at System.Net.Security.SslStream.ReadAsyncInternal[TIOAdapter](Memory`1 buffer, CancellationToken cancellationToken)
   at System.Runtime.CompilerServices.PoolingAsyncValueTaskMethodBuilder`1.StateMachineBox`1.System.Threading.Tasks.Sources.IValueTaskSource<TResult>.GetResult(Int16 token)
   at System.Net.Http.HttpConnection.SendAsync(HttpRequestMessage request, Boolean async, CancellationToken cancellationToken)
   --- End of inner exception stack trace ---
   at System.Net.Http.HttpConnection.SendAsync(HttpRequestMessage request, Boolean async, CancellationToken cancellationToken)
   at System.Net.Http.AuthenticationHelper.SendWithNtAuthAsync(HttpRequestMessage request, Uri authUri, Boolean async, ICredentials credentials, Boolean isProxyAuth, HttpConnection connection, HttpConnectionPool connectionPool, CancellationToken cancellationToken)
   at System.Net.Http.HttpConnectionPool.SendWithVersionDetectionAndRetryAsync(HttpRequestMessage request, Boolean async, Boolean doRequestAuth, CancellationToken cancellationToken)
   at System.Net.Http.AuthenticationHelper.SendWithAuthAsync(HttpRequestMessage request, Uri authUri, Boolean async, ICredentials credentials, Boolean preAuthenticate, Boolean isProxyAuth, Boolean doRequestAuth, HttpConnectionPool pool, CancellationToken cancellationToken)
   at System.Net.Http.RedirectHandler.SendAsync(HttpRequestMessage request, Boolean async, CancellationToken cancellationToken)
   at GitHub.Services.Common.RawHttpMessageHandler.SendAsync(HttpRequestMessage request, CancellationToken cancellationToken)
   at GitHub.Services.Common.VssHttpRetryMessageHandler.SendAsync(HttpRequestMessage request, CancellationToken cancellationToken)
   at System.Net.Http.HttpClient.<SendAsync>g__Core|83_0(HttpRequestMessage request, HttpCompletionOption completionOption, CancellationTokenSource cts, Boolean disposeCts, CancellationTokenSource pendingRequestsCts, CancellationToken originalCancellationToken)
   --- End of inner exception stack trace ---
   at System.Net.Http.HttpClient.HandleFailure(Exception e, Boolean telemetryStarted, HttpResponseMessage response, CancellationTokenSource cts, CancellationToken cancellationToken, CancellationTokenSource pendingRequestsCts)
   at System.Net.Http.HttpClient.<SendAsync>g__Core|83_0(HttpRequestMessage request, HttpCompletionOption completionOption, CancellationTokenSource cts, Boolean disposeCts, CancellationTokenSource pendingRequestsCts, CancellationToken originalCancellationToken)
   at Sdk.WebApi.WebApi.RawHttpClientBase.SendAsync(HttpRequestMessage message, HttpCompletionOption completionOption, Object userState, CancellationToken cancellationToken)
   at Sdk.WebApi.WebApi.RawHttpClientBase.SendAsync[T](HttpRequestMessage message, Boolean readErrorBody, Object userState, CancellationToken cancellationToken)
   at Sdk.WebApi.WebApi.RawHttpClientBase.SendAsync[T](HttpMethod method, IEnumerable`1 additionalHeaders, Uri requestUri, HttpContent content, IEnumerable`1 queryParameters, Boolean readErrorBody, Object userState, CancellationToken cancellationToken)
   at GitHub.Actions.RunService.WebApi.BrokerHttpClient.GetRunnerMessageAsync(Nullable`1 sessionId, String runnerVersion, Nullable`1 status, String os, String architecture, Nullable`1 disableUpdate, CancellationToken cancellationToken)
   at GitHub.Runner.Common.BrokerServer.<>c__DisplayClass7_0.<<GetRunnerMessageAsync>b__0>d.MoveNext()
--- End of stack trace from previous location ---
   at GitHub.Runner.Common.RunnerService.RetryRequest[T](Func`1 func, CancellationToken cancellationToken, Int32 maxAttempts, Func`2 shouldRetry)
[2025-11-08 14:44:45Z ERR  BrokerServer] #####################################################
[2025-11-08 14:44:45Z ERR  BrokerServer] System.Threading.Tasks.TaskCanceledException: The operation was canceled.
 ---> System.IO.IOException: Unable to read data from the transport connection: A operação de E/S foi anulada devido a uma saída de thread ou a uma requisição de aplicativo..
 ---> System.Net.Sockets.SocketException (995): A operação de E/S foi anulada devido a uma saída de thread ou a uma requisição de aplicativo.
   --- End of inner exception stack trace ---
   at System.Net.Sockets.Socket.AwaitableSocketAsyncEventArgs.ThrowException(SocketError error, CancellationToken cancellationToken)
   at System.Net.Sockets.Socket.AwaitableSocketAsyncEventArgs.System.Threading.Tasks.Sources.IValueTaskSource<System.Int32>.GetResult(Int16 token)
   at System.Net.Security.SslStream.EnsureFullTlsFrameAsync[TIOAdapter](CancellationToken cancellationToken, Int32 estimatedSize)
   at System.Runtime.CompilerServices.PoolingAsyncValueTaskMethodBuilder`1.StateMachineBox`1.System.Threading.Tasks.Sources.IValueTaskSource<TResult>.GetResult(Int16 token)
   at System.Net.Security.SslStream.ReadAsyncInternal[TIOAdapter](Memory`1 buffer, CancellationToken cancellationToken)
   at System.Runtime.CompilerServices.PoolingAsyncValueTaskMethodBuilder`1.StateMachineBox`1.System.Threading.Tasks.Sources.IValueTaskSource<TResult>.GetResult(Int16 token)
   at System.Net.Http.HttpConnection.SendAsync(HttpRequestMessage request, Boolean async, CancellationToken cancellationToken)
   --- End of inner exception stack trace ---
   at System.Net.Http.HttpConnection.SendAsync(HttpRequestMessage request, Boolean async, CancellationToken cancellationToken)
   at System.Net.Http.AuthenticationHelper.SendWithNtAuthAsync(HttpRequestMessage request, Uri authUri, Boolean async, ICredentials credentials, Boolean isProxyAuth, HttpConnection connection, HttpConnectionPool connectionPool, CancellationToken cancellationToken)
   at System.Net.Http.HttpConnectionPool.SendWithVersionDetectionAndRetryAsync(HttpRequestMessage request, Boolean async, Boolean doRequestAuth, CancellationToken cancellationToken)
   at System.Net.Http.AuthenticationHelper.SendWithAuthAsync(HttpRequestMessage request, Uri authUri, Boolean async, ICredentials credentials, Boolean preAuthenticate, Boolean isProxyAuth, Boolean doRequestAuth, HttpConnectionPool pool, CancellationToken cancellationToken)
   at System.Net.Http.RedirectHandler.SendAsync(HttpRequestMessage request, Boolean async, CancellationToken cancellationToken)
   at GitHub.Services.Common.RawHttpMessageHandler.SendAsync(HttpRequestMessage request, CancellationToken cancellationToken)
   at GitHub.Services.Common.VssHttpRetryMessageHandler.SendAsync(HttpRequestMessage request, CancellationToken cancellationToken)
   at System.Net.Http.HttpClient.<SendAsync>g__Core|83_0(HttpRequestMessage request, HttpCompletionOption completionOption, CancellationTokenSource cts, Boolean disposeCts, CancellationTokenSource pendingRequestsCts, CancellationToken originalCancellationToken)
[2025-11-08 14:44:45Z ERR  BrokerServer] #####################################################
[2025-11-08 14:44:45Z ERR  BrokerServer] System.IO.IOException: Unable to read data from the transport connection: A operação de E/S foi anulada devido a uma saída de thread ou a uma requisição de aplicativo..
 ---> System.Net.Sockets.SocketException (995): A operação de E/S foi anulada devido a uma saída de thread ou a uma requisição de aplicativo.
   --- End of inner exception stack trace ---
   at System.Net.Sockets.Socket.AwaitableSocketAsyncEventArgs.ThrowException(SocketError error, CancellationToken cancellationToken)
   at System.Net.Sockets.Socket.AwaitableSocketAsyncEventArgs.System.Threading.Tasks.Sources.IValueTaskSource<System.Int32>.GetResult(Int16 token)
   at System.Net.Security.SslStream.EnsureFullTlsFrameAsync[TIOAdapter](CancellationToken cancellationToken, Int32 estimatedSize)
   at System.Runtime.CompilerServices.PoolingAsyncValueTaskMethodBuilder`1.StateMachineBox`1.System.Threading.Tasks.Sources.IValueTaskSource<TResult>.GetResult(Int16 token)
   at System.Net.Security.SslStream.ReadAsyncInternal[TIOAdapter](Memory`1 buffer, CancellationToken cancellationToken)
   at System.Runtime.CompilerServices.PoolingAsyncValueTaskMethodBuilder`1.StateMachineBox`1.System.Threading.Tasks.Sources.IValueTaskSource<TResult>.GetResult(Int16 token)
   at System.Net.Http.HttpConnection.SendAsync(HttpRequestMessage request, Boolean async, CancellationToken cancellationToken)
[2025-11-08 14:44:45Z ERR  BrokerServer] #####################################################
[2025-11-08 14:44:45Z ERR  BrokerServer] System.Net.Sockets.SocketException (995): A operação de E/S foi anulada devido a uma saída de thread ou a uma requisição de aplicativo.
[2025-11-08 14:44:45Z WARN BrokerServer] Back off 9,252 seconds before next retry. 4 attempt left.
[2025-11-08 14:44:45Z INFO BrokerMessageListener] Get messages has been cancelled using local token source. Continue to get messages with new status.
[2025-11-08 14:48:31Z INFO BrokerMessageListener] Acknowledging runner request '46617407-0173-5104-b962-cedc156f5d7e'.
[2025-11-08 14:48:31Z INFO ConfigurationStore] HasCredentials()
[2025-11-08 14:48:31Z INFO ConfigurationStore] stored True
[2025-11-08 14:48:31Z INFO CredentialManager] GetCredentialProvider
[2025-11-08 14:48:31Z INFO CredentialManager] Creating type OAuth
[2025-11-08 14:48:31Z INFO CredentialManager] Creating credential type: OAuth
[2025-11-08 14:48:31Z INFO RSAEncryptedFileKeyManager] Loading RSA key parameters from file C:\Users\Apole\Desktop\Trabalho\actions-runner\.credentials_rsaparams
[2025-11-08 14:48:31Z INFO RSAEncryptedFileKeyManager] Loading RSA key parameters from file C:\Users\Apole\Desktop\Trabalho\actions-runner\.credentials_rsaparams
[2025-11-08 14:48:31Z INFO RSAEncryptedFileKeyManager] Loading RSA key parameters from file C:\Users\Apole\Desktop\Trabalho\actions-runner\.credentials_rsaparams
[2025-11-08 14:48:32Z INFO GitHubActionsService] AAD Correlation ID for this token request: Unknown
[2025-11-08 14:48:33Z INFO JobDispatcher] Job request 0 for plan a504a236-8833-46a9-b7bb-9e4007592689 job 46617407-0173-5104-b962-cedc156f5d7e received.
[2025-11-08 14:48:33Z INFO JobDispatcher] Pull OrchestrationId a504a236-8833-46a9-b7bb-9e4007592689.deploy.__default from JWT claims
[2025-11-08 14:48:33Z INFO BrokerMessageListener] Received job status event. JobState: Busy
[2025-11-08 14:48:33Z INFO BrokerMessageListener] _getMessagesTokenSource is already disposed.
[2025-11-08 14:48:33Z INFO JobDispatcher] Job request 85b6d6a4-6338-504b-b0ce-949d538170b4 processed succeed.
[2025-11-08 14:48:33Z INFO Terminal] WRITE LINE: 2025-11-08 14:48:33Z: Running job: deploy
[2025-11-08 14:48:33Z INFO JobDispatcher] Start renew job request 0 for job 46617407-0173-5104-b962-cedc156f5d7e.
[2025-11-08 14:48:33Z INFO JobDispatcher] Successfully renew job 46617407-0173-5104-b962-cedc156f5d7e, job is valid till 08/11/2025 14:58:29
[2025-11-08 14:48:33Z INFO HostContext] Well known directory 'Bin': 'C:\Users\Apole\Desktop\Trabalho\actions-runner\bin'
[2025-11-08 14:48:33Z INFO ProcessInvokerWrapper] Starting process:
[2025-11-08 14:48:33Z INFO ProcessInvokerWrapper]   File name: 'C:\Users\Apole\Desktop\Trabalho\actions-runner\bin\Runner.Worker.exe'
[2025-11-08 14:48:33Z INFO ProcessInvokerWrapper]   Arguments: 'spawnclient 1604 1664'
[2025-11-08 14:48:33Z INFO ProcessInvokerWrapper]   Working directory: 'C:\Users\Apole\Desktop\Trabalho\actions-runner\bin'
[2025-11-08 14:48:33Z INFO ProcessInvokerWrapper]   Require exit code zero: 'False'
[2025-11-08 14:48:33Z INFO ProcessInvokerWrapper]   Encoding web name:  ; code page: ''
[2025-11-08 14:48:33Z INFO ProcessInvokerWrapper]   Force kill process on cancellation: 'True'
[2025-11-08 14:48:33Z INFO ProcessInvokerWrapper]   Redirected STDIN: 'False'
[2025-11-08 14:48:33Z INFO ProcessInvokerWrapper]   Persist current code page: 'False'
[2025-11-08 14:48:33Z INFO ProcessInvokerWrapper]   Keep redirected STDIN open: 'False'
[2025-11-08 14:48:33Z INFO ProcessInvokerWrapper]   High priority process: 'True'
[2025-11-08 14:48:33Z INFO ProcessInvokerWrapper] Process started with process id 12436, waiting for process exit.
[2025-11-08 14:48:33Z INFO JobDispatcher] Send job request message to worker for job 46617407-0173-5104-b962-cedc156f5d7e.
[2025-11-08 14:48:33Z INFO ProcessChannel] Sending message of length 36719, with hash 'a43531120b35b48254d29a480222779bc3ab6e9fdae8d35e6206b5f805cb137f'
[2025-11-08 14:48:34Z INFO JobNotification] Entering JobStarted Notification
[2025-11-08 14:48:34Z INFO JobNotification] Entering StartMonitor
[2025-11-08 14:49:01Z INFO ProcessInvokerWrapper] STDOUT/STDERR stream read finished.
[2025-11-08 14:49:01Z INFO ProcessInvokerWrapper] STDOUT/STDERR stream read finished.
[2025-11-08 14:49:01Z INFO ProcessInvokerWrapper] Finished process 12436 with exit code 102, and elapsed time 00:00:27.9230649.
[2025-11-08 14:49:01Z INFO JobDispatcher] Worker finished for job 46617407-0173-5104-b962-cedc156f5d7e. Code: 102
[2025-11-08 14:49:01Z INFO JobDispatcher] finish job request for job 46617407-0173-5104-b962-cedc156f5d7e with result: Failed
[2025-11-08 14:49:01Z INFO Terminal] WRITE LINE: 2025-11-08 14:49:01Z: Job deploy completed with result: Failed
[2025-11-08 14:49:01Z INFO JobDispatcher] Stop renew job request for job 46617407-0173-5104-b962-cedc156f5d7e.
[2025-11-08 14:49:01Z INFO JobDispatcher] job renew has been cancelled, stop renew job 46617407-0173-5104-b962-cedc156f5d7e.
[2025-11-08 14:49:01Z INFO JobNotification] Entering JobCompleted Notification
[2025-11-08 14:49:01Z INFO JobNotification] Entering EndMonitor
[2025-11-08 14:49:01Z INFO BrokerMessageListener] Received job status event. JobState: Online
[2025-11-08 14:49:01Z WARN GitHubActionsService] GET request to https://broker.actions.githubusercontent.com/message?sessionId=6afcddda-8d8c-47a9-91ad-75f9ea076e63&status=Busy&runnerVersion=2.329.0&os=Windows&architecture=X64&disableUpdate=false has been cancelled.
[2025-11-08 14:49:01Z ERR  BrokerServer] Catch exception during request
[2025-11-08 14:49:01Z ERR  BrokerServer] System.Threading.Tasks.TaskCanceledException: The operation was canceled.
 ---> System.Threading.Tasks.TaskCanceledException: The operation was canceled.
 ---> System.IO.IOException: Unable to read data from the transport connection: A operação de E/S foi anulada devido a uma saída de thread ou a uma requisição de aplicativo..
 ---> System.Net.Sockets.SocketException (995): A operação de E/S foi anulada devido a uma saída de thread ou a uma requisição de aplicativo.
   --- End of inner exception stack trace ---
   at System.Net.Sockets.Socket.AwaitableSocketAsyncEventArgs.ThrowException(SocketError error, CancellationToken cancellationToken)
   at System.Net.Sockets.Socket.AwaitableSocketAsyncEventArgs.System.Threading.Tasks.Sources.IValueTaskSource<System.Int32>.GetResult(Int16 token)
   at System.Net.Security.SslStream.EnsureFullTlsFrameAsync[TIOAdapter](CancellationToken cancellationToken, Int32 estimatedSize)
   at System.Runtime.CompilerServices.PoolingAsyncValueTaskMethodBuilder`1.StateMachineBox`1.System.Threading.Tasks.Sources.IValueTaskSource<TResult>.GetResult(Int16 token)
   at System.Net.Security.SslStream.ReadAsyncInternal[TIOAdapter](Memory`1 buffer, CancellationToken cancellationToken)
   at System.Runtime.CompilerServices.PoolingAsyncValueTaskMethodBuilder`1.StateMachineBox`1.System.Threading.Tasks.Sources.IValueTaskSource<TResult>.GetResult(Int16 token)
   at System.Net.Http.HttpConnection.SendAsync(HttpRequestMessage request, Boolean async, CancellationToken cancellationToken)
   --- End of inner exception stack trace ---
   at System.Net.Http.HttpConnection.SendAsync(HttpRequestMessage request, Boolean async, CancellationToken cancellationToken)
   at System.Net.Http.AuthenticationHelper.SendWithNtAuthAsync(HttpRequestMessage request, Uri authUri, Boolean async, ICredentials credentials, Boolean isProxyAuth, HttpConnection connection, HttpConnectionPool connectionPool, CancellationToken cancellationToken)
   at System.Net.Http.HttpConnectionPool.SendWithVersionDetectionAndRetryAsync(HttpRequestMessage request, Boolean async, Boolean doRequestAuth, CancellationToken cancellationToken)
   at System.Net.Http.AuthenticationHelper.SendWithAuthAsync(HttpRequestMessage request, Uri authUri, Boolean async, ICredentials credentials, Boolean preAuthenticate, Boolean isProxyAuth, Boolean doRequestAuth, HttpConnectionPool pool, CancellationToken cancellationToken)
   at System.Net.Http.RedirectHandler.SendAsync(HttpRequestMessage request, Boolean async, CancellationToken cancellationToken)
   at GitHub.Services.Common.RawHttpMessageHandler.SendAsync(HttpRequestMessage request, CancellationToken cancellationToken)
   at GitHub.Services.Common.VssHttpRetryMessageHandler.SendAsync(HttpRequestMessage request, CancellationToken cancellationToken)
   at System.Net.Http.HttpClient.<SendAsync>g__Core|83_0(HttpRequestMessage request, HttpCompletionOption completionOption, CancellationTokenSource cts, Boolean disposeCts, CancellationTokenSource pendingRequestsCts, CancellationToken originalCancellationToken)
   --- End of inner exception stack trace ---
   at System.Net.Http.HttpClient.HandleFailure(Exception e, Boolean telemetryStarted, HttpResponseMessage response, CancellationTokenSource cts, CancellationToken cancellationToken, CancellationTokenSource pendingRequestsCts)
   at System.Net.Http.HttpClient.<SendAsync>g__Core|83_0(HttpRequestMessage request, HttpCompletionOption completionOption, CancellationTokenSource cts, Boolean disposeCts, CancellationTokenSource pendingRequestsCts, CancellationToken originalCancellationToken)
   at Sdk.WebApi.WebApi.RawHttpClientBase.SendAsync(HttpRequestMessage message, HttpCompletionOption completionOption, Object userState, CancellationToken cancellationToken)
   at Sdk.WebApi.WebApi.RawHttpClientBase.SendAsync[T](HttpRequestMessage message, Boolean readErrorBody, Object userState, CancellationToken cancellationToken)
   at Sdk.WebApi.WebApi.RawHttpClientBase.SendAsync[T](HttpMethod method, IEnumerable`1 additionalHeaders, Uri requestUri, HttpContent content, IEnumerable`1 queryParameters, Boolean readErrorBody, Object userState, CancellationToken cancellationToken)
   at GitHub.Actions.RunService.WebApi.BrokerHttpClient.GetRunnerMessageAsync(Nullable`1 sessionId, String runnerVersion, Nullable`1 status, String os, String architecture, Nullable`1 disableUpdate, CancellationToken cancellationToken)
   at GitHub.Runner.Common.BrokerServer.<>c__DisplayClass7_0.<<GetRunnerMessageAsync>b__0>d.MoveNext()
--- End of stack trace from previous location ---
   at GitHub.Runner.Common.RunnerService.RetryRequest[T](Func`1 func, CancellationToken cancellationToken, Int32 maxAttempts, Func`2 shouldRetry)
[2025-11-08 14:49:01Z ERR  BrokerServer] #####################################################
[2025-11-08 14:49:01Z ERR  BrokerServer] System.Threading.Tasks.TaskCanceledException: The operation was canceled.
 ---> System.IO.IOException: Unable to read data from the transport connection: A operação de E/S foi anulada devido a uma saída de thread ou a uma requisição de aplicativo..
 ---> System.Net.Sockets.SocketException (995): A operação de E/S foi anulada devido a uma saída de thread ou a uma requisição de aplicativo.
   --- End of inner exception stack trace ---
   at System.Net.Sockets.Socket.AwaitableSocketAsyncEventArgs.ThrowException(SocketError error, CancellationToken cancellationToken)
   at System.Net.Sockets.Socket.AwaitableSocketAsyncEventArgs.System.Threading.Tasks.Sources.IValueTaskSource<System.Int32>.GetResult(Int16 token)
   at System.Net.Security.SslStream.EnsureFullTlsFrameAsync[TIOAdapter](CancellationToken cancellationToken, Int32 estimatedSize)
   at System.Runtime.CompilerServices.PoolingAsyncValueTaskMethodBuilder`1.StateMachineBox`1.System.Threading.Tasks.Sources.IValueTaskSource<TResult>.GetResult(Int16 token)
   at System.Net.Security.SslStream.ReadAsyncInternal[TIOAdapter](Memory`1 buffer, CancellationToken cancellationToken)
   at System.Runtime.CompilerServices.PoolingAsyncValueTaskMethodBuilder`1.StateMachineBox`1.System.Threading.Tasks.Sources.IValueTaskSource<TResult>.GetResult(Int16 token)
   at System.Net.Http.HttpConnection.SendAsync(HttpRequestMessage request, Boolean async, CancellationToken cancellationToken)
   --- End of inner exception stack trace ---
   at System.Net.Http.HttpConnection.SendAsync(HttpRequestMessage request, Boolean async, CancellationToken cancellationToken)
   at System.Net.Http.AuthenticationHelper.SendWithNtAuthAsync(HttpRequestMessage request, Uri authUri, Boolean async, ICredentials credentials, Boolean isProxyAuth, HttpConnection connection, HttpConnectionPool connectionPool, CancellationToken cancellationToken)
   at System.Net.Http.HttpConnectionPool.SendWithVersionDetectionAndRetryAsync(HttpRequestMessage request, Boolean async, Boolean doRequestAuth, CancellationToken cancellationToken)
   at System.Net.Http.AuthenticationHelper.SendWithAuthAsync(HttpRequestMessage request, Uri authUri, Boolean async, ICredentials credentials, Boolean preAuthenticate, Boolean isProxyAuth, Boolean doRequestAuth, HttpConnectionPool pool, CancellationToken cancellationToken)
   at System.Net.Http.RedirectHandler.SendAsync(HttpRequestMessage request, Boolean async, CancellationToken cancellationToken)
   at GitHub.Services.Common.RawHttpMessageHandler.SendAsync(HttpRequestMessage request, CancellationToken cancellationToken)
   at GitHub.Services.Common.VssHttpRetryMessageHandler.SendAsync(HttpRequestMessage request, CancellationToken cancellationToken)
   at System.Net.Http.HttpClient.<SendAsync>g__Core|83_0(HttpRequestMessage request, HttpCompletionOption completionOption, CancellationTokenSource cts, Boolean disposeCts, CancellationTokenSource pendingRequestsCts, CancellationToken originalCancellationToken)
[2025-11-08 14:49:01Z ERR  BrokerServer] #####################################################
[2025-11-08 14:49:01Z ERR  BrokerServer] System.IO.IOException: Unable to read data from the transport connection: A operação de E/S foi anulada devido a uma saída de thread ou a uma requisição de aplicativo..
 ---> System.Net.Sockets.SocketException (995): A operação de E/S foi anulada devido a uma saída de thread ou a uma requisição de aplicativo.
   --- End of inner exception stack trace ---
   at System.Net.Sockets.Socket.AwaitableSocketAsyncEventArgs.ThrowException(SocketError error, CancellationToken cancellationToken)
   at System.Net.Sockets.Socket.AwaitableSocketAsyncEventArgs.System.Threading.Tasks.Sources.IValueTaskSource<System.Int32>.GetResult(Int16 token)
   at System.Net.Security.SslStream.EnsureFullTlsFrameAsync[TIOAdapter](CancellationToken cancellationToken, Int32 estimatedSize)
   at System.Runtime.CompilerServices.PoolingAsyncValueTaskMethodBuilder`1.StateMachineBox`1.System.Threading.Tasks.Sources.IValueTaskSource<TResult>.GetResult(Int16 token)
   at System.Net.Security.SslStream.ReadAsyncInternal[TIOAdapter](Memory`1 buffer, CancellationToken cancellationToken)
   at System.Runtime.CompilerServices.PoolingAsyncValueTaskMethodBuilder`1.StateMachineBox`1.System.Threading.Tasks.Sources.IValueTaskSource<TResult>.GetResult(Int16 token)
   at System.Net.Http.HttpConnection.SendAsync(HttpRequestMessage request, Boolean async, CancellationToken cancellationToken)
[2025-11-08 14:49:01Z ERR  BrokerServer] #####################################################
[2025-11-08 14:49:01Z ERR  BrokerServer] System.Net.Sockets.SocketException (995): A operação de E/S foi anulada devido a uma saída de thread ou a uma requisição de aplicativo.
[2025-11-08 14:49:01Z WARN BrokerServer] Back off 6,08 seconds before next retry. 4 attempt left.
[2025-11-08 14:49:01Z INFO BrokerMessageListener] Get messages has been cancelled using local token source. Continue to get messages with new status.
[2025-11-08 14:51:09Z INFO Terminal] WRITE LINE: Exiting...
[2025-11-08 14:51:09Z INFO ConfigurationStore] IsServiceConfigured()
[2025-11-08 14:51:09Z INFO ConfigurationStore] IsServiceConfigured: False
[2025-11-08 14:51:09Z INFO HostContext] Runner will be shutdown for UserCancelled
[2025-11-08 14:51:09Z WARN GitHubActionsService] GET request to https://broker.actions.githubusercontent.com/message?sessionId=6afcddda-8d8c-47a9-91ad-75f9ea076e63&status=Online&runnerVersion=2.329.0&os=Windows&architecture=X64&disableUpdate=false has been cancelled.
[2025-11-08 14:51:09Z ERR  BrokerServer] Catch exception during request
[2025-11-08 14:51:09Z ERR  BrokerServer] System.Threading.Tasks.TaskCanceledException: The operation was canceled.
 ---> System.Threading.Tasks.TaskCanceledException: The operation was canceled.
 ---> System.IO.IOException: Unable to read data from the transport connection: A operação de E/S foi anulada devido a uma saída de thread ou a uma requisição de aplicativo..
 ---> System.Net.Sockets.SocketException (995): A operação de E/S foi anulada devido a uma saída de thread ou a uma requisição de aplicativo.
   --- End of inner exception stack trace ---
   at System.Net.Sockets.Socket.AwaitableSocketAsyncEventArgs.System.Threading.Tasks.Sources.IValueTaskSource<System.Int32>.GetResult(Int16 token)
   at System.Net.Security.SslStream.EnsureFullTlsFrameAsync[TIOAdapter](CancellationToken cancellationToken, Int32 estimatedSize)
   at System.Runtime.CompilerServices.PoolingAsyncValueTaskMethodBuilder`1.StateMachineBox`1.System.Threading.Tasks.Sources.IValueTaskSource<TResult>.GetResult(Int16 token)
   at System.Net.Security.SslStream.ReadAsyncInternal[TIOAdapter](Memory`1 buffer, CancellationToken cancellationToken)
   at System.Runtime.CompilerServices.PoolingAsyncValueTaskMethodBuilder`1.StateMachineBox`1.System.Threading.Tasks.Sources.IValueTaskSource<TResult>.GetResult(Int16 token)
   at System.Net.Http.HttpConnection.SendAsync(HttpRequestMessage request, Boolean async, CancellationToken cancellationToken)
   --- End of inner exception stack trace ---
   at System.Net.Http.HttpConnection.SendAsync(HttpRequestMessage request, Boolean async, CancellationToken cancellationToken)
   at System.Net.Http.AuthenticationHelper.SendWithNtAuthAsync(HttpRequestMessage request, Uri authUri, Boolean async, ICredentials credentials, Boolean isProxyAuth, HttpConnection connection, HttpConnectionPool connectionPool, CancellationToken cancellationToken)
   at System.Net.Http.HttpConnectionPool.SendWithVersionDetectionAndRetryAsync(HttpRequestMessage request, Boolean async, Boolean doRequestAuth, CancellationToken cancellationToken)
   at System.Net.Http.AuthenticationHelper.SendWithAuthAsync(HttpRequestMessage request, Uri authUri, Boolean async, ICredentials credentials, Boolean preAuthenticate, Boolean isProxyAuth, Boolean doRequestAuth, HttpConnectionPool pool, CancellationToken cancellationToken)
   at System.Net.Http.RedirectHandler.SendAsync(HttpRequestMessage request, Boolean async, CancellationToken cancellationToken)
   at GitHub.Services.Common.RawHttpMessageHandler.SendAsync(HttpRequestMessage request, CancellationToken cancellationToken)
   at GitHub.Services.Common.VssHttpRetryMessageHandler.SendAsync(HttpRequestMessage request, CancellationToken cancellationToken)
   at System.Net.Http.HttpClient.<SendAsync>g__Core|83_0(HttpRequestMessage request, HttpCompletionOption completionOption, CancellationTokenSource cts, Boolean disposeCts, CancellationTokenSource pendingRequestsCts, CancellationToken originalCancellationToken)
   --- End of inner exception stack trace ---
   at System.Net.Http.HttpClient.HandleFailure(Exception e, Boolean telemetryStarted, HttpResponseMessage response, CancellationTokenSource cts, CancellationToken cancellationToken, CancellationTokenSource pendingRequestsCts)
   at System.Net.Http.HttpClient.<SendAsync>g__Core|83_0(HttpRequestMessage request, HttpCompletionOption completionOption, CancellationTokenSource cts, Boolean disposeCts, CancellationTokenSource pendingRequestsCts, CancellationToken originalCancellationToken)
   at Sdk.WebApi.WebApi.RawHttpClientBase.SendAsync(HttpRequestMessage message, HttpCompletionOption completionOption, Object userState, CancellationToken cancellationToken)
   at Sdk.WebApi.WebApi.RawHttpClientBase.SendAsync[T](HttpRequestMessage message, Boolean readErrorBody, Object userState, CancellationToken cancellationToken)
   at Sdk.WebApi.WebApi.RawHttpClientBase.SendAsync[T](HttpMethod method, IEnumerable`1 additionalHeaders, Uri requestUri, HttpContent content, IEnumerable`1 queryParameters, Boolean readErrorBody, Object userState, CancellationToken cancellationToken)
   at GitHub.Actions.RunService.WebApi.BrokerHttpClient.GetRunnerMessageAsync(Nullable`1 sessionId, String runnerVersion, Nullable`1 status, String os, String architecture, Nullable`1 disableUpdate, CancellationToken cancellationToken)
   at GitHub.Runner.Common.BrokerServer.<>c__DisplayClass7_0.<<GetRunnerMessageAsync>b__0>d.MoveNext()
--- End of stack trace from previous location ---
   at GitHub.Runner.Common.RunnerService.RetryRequest[T](Func`1 func, CancellationToken cancellationToken, Int32 maxAttempts, Func`2 shouldRetry)
[2025-11-08 14:51:09Z ERR  BrokerServer] #####################################################
[2025-11-08 14:51:09Z ERR  BrokerServer] System.Threading.Tasks.TaskCanceledException: The operation was canceled.
 ---> System.IO.IOException: Unable to read data from the transport connection: A operação de E/S foi anulada devido a uma saída de thread ou a uma requisição de aplicativo..
 ---> System.Net.Sockets.SocketException (995): A operação de E/S foi anulada devido a uma saída de thread ou a uma requisição de aplicativo.
   --- End of inner exception stack trace ---
   at System.Net.Sockets.Socket.AwaitableSocketAsyncEventArgs.System.Threading.Tasks.Sources.IValueTaskSource<System.Int32>.GetResult(Int16 token)
   at System.Net.Security.SslStream.EnsureFullTlsFrameAsync[TIOAdapter](CancellationToken cancellationToken, Int32 estimatedSize)
   at System.Runtime.CompilerServices.PoolingAsyncValueTaskMethodBuilder`1.StateMachineBox`1.System.Threading.Tasks.Sources.IValueTaskSource<TResult>.GetResult(Int16 token)
   at System.Net.Security.SslStream.ReadAsyncInternal[TIOAdapter](Memory`1 buffer, CancellationToken cancellationToken)
   at System.Runtime.CompilerServices.PoolingAsyncValueTaskMethodBuilder`1.StateMachineBox`1.System.Threading.Tasks.Sources.IValueTaskSource<TResult>.GetResult(Int16 token)
   at System.Net.Http.HttpConnection.SendAsync(HttpRequestMessage request, Boolean async, CancellationToken cancellationToken)
   --- End of inner exception stack trace ---
   at System.Net.Http.HttpConnection.SendAsync(HttpRequestMessage request, Boolean async, CancellationToken cancellationToken)
   at System.Net.Http.AuthenticationHelper.SendWithNtAuthAsync(HttpRequestMessage request, Uri authUri, Boolean async, ICredentials credentials, Boolean isProxyAuth, HttpConnection connection, HttpConnectionPool connectionPool, CancellationToken cancellationToken)
   at System.Net.Http.HttpConnectionPool.SendWithVersionDetectionAndRetryAsync(HttpRequestMessage request, Boolean async, Boolean doRequestAuth, CancellationToken cancellationToken)
   at System.Net.Http.AuthenticationHelper.SendWithAuthAsync(HttpRequestMessage request, Uri authUri, Boolean async, ICredentials credentials, Boolean preAuthenticate, Boolean isProxyAuth, Boolean doRequestAuth, HttpConnectionPool pool, CancellationToken cancellationToken)
   at System.Net.Http.RedirectHandler.SendAsync(HttpRequestMessage request, Boolean async, CancellationToken cancellationToken)
   at GitHub.Services.Common.RawHttpMessageHandler.SendAsync(HttpRequestMessage request, CancellationToken cancellationToken)
   at GitHub.Services.Common.VssHttpRetryMessageHandler.SendAsync(HttpRequestMessage request, CancellationToken cancellationToken)
   at System.Net.Http.HttpClient.<SendAsync>g__Core|83_0(HttpRequestMessage request, HttpCompletionOption completionOption, CancellationTokenSource cts, Boolean disposeCts, CancellationTokenSource pendingRequestsCts, CancellationToken originalCancellationToken)
[2025-11-08 14:51:09Z ERR  BrokerServer] #####################################################
[2025-11-08 14:51:09Z ERR  BrokerServer] System.IO.IOException: Unable to read data from the transport connection: A operação de E/S foi anulada devido a uma saída de thread ou a uma requisição de aplicativo..
 ---> System.Net.Sockets.SocketException (995): A operação de E/S foi anulada devido a uma saída de thread ou a uma requisição de aplicativo.
   --- End of inner exception stack trace ---
   at System.Net.Sockets.Socket.AwaitableSocketAsyncEventArgs.System.Threading.Tasks.Sources.IValueTaskSource<System.Int32>.GetResult(Int16 token)
   at System.Net.Security.SslStream.EnsureFullTlsFrameAsync[TIOAdapter](CancellationToken cancellationToken, Int32 estimatedSize)
   at System.Runtime.CompilerServices.PoolingAsyncValueTaskMethodBuilder`1.StateMachineBox`1.System.Threading.Tasks.Sources.IValueTaskSource<TResult>.GetResult(Int16 token)
   at System.Net.Security.SslStream.ReadAsyncInternal[TIOAdapter](Memory`1 buffer, CancellationToken cancellationToken)
   at System.Runtime.CompilerServices.PoolingAsyncValueTaskMethodBuilder`1.StateMachineBox`1.System.Threading.Tasks.Sources.IValueTaskSource<TResult>.GetResult(Int16 token)
   at System.Net.Http.HttpConnection.SendAsync(HttpRequestMessage request, Boolean async, CancellationToken cancellationToken)
[2025-11-08 14:51:09Z ERR  BrokerServer] #####################################################
[2025-11-08 14:51:09Z ERR  BrokerServer] System.Net.Sockets.SocketException (995): A operação de E/S foi anulada devido a uma saída de thread ou a uma requisição de aplicativo.
[2025-11-08 14:51:09Z WARN BrokerServer] Back off 11,565 seconds before next retry. 4 attempt left.
[2025-11-08 14:51:09Z INFO BrokerMessageListener] Get next message has been cancelled.
[2025-11-08 14:51:09Z INFO JobDispatcher] Shutting down JobDispatcher. Make sure all WorkerDispatcher has finished.
[2025-11-08 14:51:09Z INFO JobDispatcher] Ensure WorkerDispatcher for job 46617407-0173-5104-b962-cedc156f5d7e run to finish, cancel any running job.
[2025-11-08 14:51:09Z INFO JobDispatcher] Job request 46617407-0173-5104-b962-cedc156f5d7e processed succeed.
[2025-11-08 14:51:09Z INFO Runner] Deleting Runner Session...
[2025-11-08 14:51:10Z INFO Listener] Runner execution been cancelled.
