[2025-11-08 15:43:02Z INFO HostContext] No proxy settings were found based on environmental variables (http_proxy/https_proxy/HTTP_PROXY/HTTPS_PROXY)
[2025-11-08 15:43:02Z INFO HostContext] Well known directory 'Bin': 'C:\Users\Apole\Desktop\Trabalho\actions-runner\bin'
[2025-11-08 15:43:02Z INFO HostContext] Well known directory 'Root': 'C:\Users\Apole\Desktop\Trabalho\actions-runner'
[2025-11-08 15:43:02Z INFO HostContext] Well known config file 'Credentials': 'C:\Users\Apole\Desktop\Trabalho\actions-runner\.credentials'
[2025-11-08 15:43:02Z INFO HostContext] Well known directory 'Bin': 'C:\Users\Apole\Desktop\Trabalho\actions-runner\bin'
[2025-11-08 15:43:02Z INFO HostContext] Well known directory 'Root': 'C:\Users\Apole\Desktop\Trabalho\actions-runner'
[2025-11-08 15:43:02Z INFO HostContext] Well known config file 'Runner': 'C:\Users\Apole\Desktop\Trabalho\actions-runner\.runner'
[2025-11-08 15:43:02Z INFO Listener] Runner is built for Windows (X64) - win-x64.
[2025-11-08 15:43:02Z INFO Listener] RuntimeInformation: Microsoft Windows 10.0.22631.
[2025-11-08 15:43:02Z INFO Listener] Version: 2.329.0
[2025-11-08 15:43:02Z INFO Listener] Commit: c76c59996c8fa32e989164a5a695efb12608ae5a
[2025-11-08 15:43:02Z INFO Listener] Culture: pt-BR
[2025-11-08 15:43:02Z INFO Listener] UI Culture: pt-BR
[2025-11-08 15:43:02Z INFO HostContext] Well known directory 'Bin': 'C:\Users\Apole\Desktop\Trabalho\actions-runner\bin'
[2025-11-08 15:43:02Z INFO HostContext] Well known directory 'Root': 'C:\Users\Apole\Desktop\Trabalho\actions-runner'
[2025-11-08 15:43:02Z INFO Listener] Validating directory permissions for: 'C:\Users\Apole\Desktop\Trabalho\actions-runner'
[2025-11-08 15:43:02Z INFO CommandLineParser] Parse
[2025-11-08 15:43:02Z INFO CommandLineParser] Parsing 1 args
[2025-11-08 15:43:02Z INFO CommandLineParser] parsing argument
[2025-11-08 15:43:02Z INFO CommandLineParser] HasArgs: False
[2025-11-08 15:43:02Z INFO CommandLineParser] Adding Command: run
[2025-11-08 15:43:02Z INFO Listener] Arguments parsed
[2025-11-08 15:43:02Z INFO Runner] ExecuteCommand
[2025-11-08 15:43:02Z INFO ConfigurationStore] currentAssemblyLocation: C:\Users\Apole\Desktop\Trabalho\actions-runner\bin\Runner.Listener.dll
[2025-11-08 15:43:02Z INFO HostContext] Well known directory 'Bin': 'C:\Users\Apole\Desktop\Trabalho\actions-runner\bin'
[2025-11-08 15:43:02Z INFO ConfigurationStore] binPath: C:\Users\Apole\Desktop\Trabalho\actions-runner\bin
[2025-11-08 15:43:02Z INFO HostContext] Well known directory 'Bin': 'C:\Users\Apole\Desktop\Trabalho\actions-runner\bin'
[2025-11-08 15:43:02Z INFO HostContext] Well known directory 'Root': 'C:\Users\Apole\Desktop\Trabalho\actions-runner'
[2025-11-08 15:43:02Z INFO ConfigurationStore] RootFolder: C:\Users\Apole\Desktop\Trabalho\actions-runner
[2025-11-08 15:43:02Z INFO HostContext] Well known directory 'Bin': 'C:\Users\Apole\Desktop\Trabalho\actions-runner\bin'
[2025-11-08 15:43:02Z INFO HostContext] Well known directory 'Root': 'C:\Users\Apole\Desktop\Trabalho\actions-runner'
[2025-11-08 15:43:02Z INFO HostContext] Well known config file 'Runner': 'C:\Users\Apole\Desktop\Trabalho\actions-runner\.runner'
[2025-11-08 15:43:02Z INFO ConfigurationStore] ConfigFilePath: C:\Users\Apole\Desktop\Trabalho\actions-runner\.runner
[2025-11-08 15:43:02Z INFO HostContext] Well known directory 'Bin': 'C:\Users\Apole\Desktop\Trabalho\actions-runner\bin'
[2025-11-08 15:43:02Z INFO HostContext] Well known directory 'Root': 'C:\Users\Apole\Desktop\Trabalho\actions-runner'
[2025-11-08 15:43:02Z INFO HostContext] Well known config file 'MigratedRunner': 'C:\Users\Apole\Desktop\Trabalho\actions-runner\.runner_migrated'
[2025-11-08 15:43:02Z INFO ConfigurationStore] MigratedConfigFilePath: C:\Users\Apole\Desktop\Trabalho\actions-runner\.runner_migrated
[2025-11-08 15:43:02Z INFO HostContext] Well known directory 'Bin': 'C:\Users\Apole\Desktop\Trabalho\actions-runner\bin'
[2025-11-08 15:43:02Z INFO HostContext] Well known directory 'Root': 'C:\Users\Apole\Desktop\Trabalho\actions-runner'
[2025-11-08 15:43:02Z INFO HostContext] Well known config file 'Credentials': 'C:\Users\Apole\Desktop\Trabalho\actions-runner\.credentials'
[2025-11-08 15:43:02Z INFO ConfigurationStore] CredFilePath: C:\Users\Apole\Desktop\Trabalho\actions-runner\.credentials
[2025-11-08 15:43:02Z INFO HostContext] Well known directory 'Bin': 'C:\Users\Apole\Desktop\Trabalho\actions-runner\bin'
[2025-11-08 15:43:02Z INFO HostContext] Well known directory 'Root': 'C:\Users\Apole\Desktop\Trabalho\actions-runner'
[2025-11-08 15:43:02Z INFO HostContext] Well known config file 'MigratedCredentials': 'C:\Users\Apole\Desktop\Trabalho\actions-runner\.credentials_migrated'
[2025-11-08 15:43:02Z INFO ConfigurationStore] MigratedCredFilePath: C:\Users\Apole\Desktop\Trabalho\actions-runner\.credentials_migrated
[2025-11-08 15:43:02Z INFO HostContext] Well known directory 'Bin': 'C:\Users\Apole\Desktop\Trabalho\actions-runner\bin'
[2025-11-08 15:43:02Z INFO HostContext] Well known directory 'Root': 'C:\Users\Apole\Desktop\Trabalho\actions-runner'
[2025-11-08 15:43:02Z INFO HostContext] Well known config file 'Service': 'C:\Users\Apole\Desktop\Trabalho\actions-runner\.service'
[2025-11-08 15:43:02Z INFO ConfigurationStore] ServiceConfigFilePath: C:\Users\Apole\Desktop\Trabalho\actions-runner\.service
[2025-11-08 15:43:02Z INFO CommandSettings] Flag 'help': 'False'
[2025-11-08 15:43:02Z INFO CommandSettings] Flag 'version': 'False'
[2025-11-08 15:43:02Z INFO CommandSettings] Flag 'commit': 'False'
[2025-11-08 15:43:02Z INFO CommandSettings] Flag 'check': 'False'
[2025-11-08 15:43:02Z INFO CommandSettings] Command 'configure': 'False'
[2025-11-08 15:43:02Z INFO CommandSettings] Command 'remove': 'False'
[2025-11-08 15:43:02Z INFO CommandSettings] Command 'warmup': 'False'
[2025-11-08 15:43:02Z INFO ConfigurationManager] LoadSettings
[2025-11-08 15:43:02Z INFO ConfigurationStore] IsConfigured()
[2025-11-08 15:43:02Z INFO ConfigurationStore] IsConfigured: True
[2025-11-08 15:43:02Z INFO ConfigurationManager] Is configured: True
[2025-11-08 15:43:02Z INFO ConfigurationStore] Read setting file: 404 chars
[2025-11-08 15:43:02Z INFO ConfigurationManager] Settings Loaded
[2025-11-08 15:43:02Z INFO ConfigurationStore] IsServiceConfigured()
[2025-11-08 15:43:02Z INFO ConfigurationStore] IsServiceConfigured: False
[2025-11-08 15:43:02Z INFO CommandSettings] Command 'run': 'True'
[2025-11-08 15:43:02Z INFO ConfigurationStore] IsConfigured()
[2025-11-08 15:43:02Z INFO ConfigurationStore] IsConfigured: True
[2025-11-08 15:43:02Z INFO ConfigurationManager] Is configured: True
[2025-11-08 15:43:02Z INFO Runner] Could not parse the argument value '' for StartupType. Defaulting to Manual
[2025-11-08 15:43:02Z INFO Runner] Set runner startup type - Manual
[2025-11-08 15:43:02Z INFO CommandSettings] Flag 'once': 'False'
[2025-11-08 15:43:02Z INFO CommandSettings] Flag 'once': 'False'
[2025-11-08 15:43:02Z INFO Runner] RunAsync
[2025-11-08 15:43:02Z INFO ConfigurationManager] LoadMigratedSettings
[2025-11-08 15:43:02Z INFO ConfigurationStore] IsMigratedConfigured()
[2025-11-08 15:43:02Z INFO ConfigurationStore] IsMigratedConfigured: False
[2025-11-08 15:43:02Z INFO Runner] Failed to load migrated settings: No migrated configuration found.
[2025-11-08 15:43:02Z INFO Runner] Falling back to original .runner settings
[2025-11-08 15:43:02Z INFO Runner] Using BrokerMessageListener
[2025-11-08 15:43:02Z INFO BrokerMessageListener] Using provided settings
[2025-11-08 15:43:02Z INFO BrokerMessageListener] {
  "AgentId": 21,
  "AgentName": "DESKTOP-3MPOO7K",
  "PoolId": 1,
  "PoolName": "Default",
  "ServerUrl": "https://pipelinesghubeus9.actions.githubusercontent.com/EusMtS3wwDsUDE8KkeiP0ZAMUSOJQGjkGSA3zLlc0A2Nid4RUa/",
  "GitHubUrl": "https://github.com/Alox01/Kubernets_trabalho",
  "WorkFolder": "_work",
  "UseV2Flow": true,
  "ServerUrlV2": "https://broker.actions.githubusercontent.com/"
}
[2025-11-08 15:43:02Z INFO BrokerMessageListener] Loading Credentials
[2025-11-08 15:43:02Z INFO ConfigurationStore] HasCredentials()
[2025-11-08 15:43:02Z INFO ConfigurationStore] stored True
[2025-11-08 15:43:02Z INFO CredentialManager] GetCredentialProvider
[2025-11-08 15:43:02Z INFO CredentialManager] Creating type OAuth
[2025-11-08 15:43:02Z INFO CredentialManager] Creating credential type: OAuth
[2025-11-08 15:43:02Z INFO HostContext] Well known directory 'Bin': 'C:\Users\Apole\Desktop\Trabalho\actions-runner\bin'
[2025-11-08 15:43:02Z INFO HostContext] Well known directory 'Root': 'C:\Users\Apole\Desktop\Trabalho\actions-runner'
[2025-11-08 15:43:02Z INFO HostContext] Well known config file 'RSACredentials': 'C:\Users\Apole\Desktop\Trabalho\actions-runner\.credentials_rsaparams'
[2025-11-08 15:43:02Z INFO RSAEncryptedFileKeyManager] Loading RSA key parameters from file C:\Users\Apole\Desktop\Trabalho\actions-runner\.credentials_rsaparams
[2025-11-08 15:43:02Z INFO BrokerMessageListener] Attempt to create session.
[2025-11-08 15:43:02Z INFO BrokerMessageListener] Connecting to the Broker Server...
[2025-11-08 15:43:02Z INFO ConfigurationStore] HasCredentials()
[2025-11-08 15:43:02Z INFO ConfigurationStore] stored True
[2025-11-08 15:43:02Z INFO CredentialManager] GetCredentialProvider
[2025-11-08 15:43:02Z INFO CredentialManager] Creating type OAuth
[2025-11-08 15:43:02Z INFO CredentialManager] Creating credential type: OAuth
[2025-11-08 15:43:02Z INFO RSAEncryptedFileKeyManager] Loading RSA key parameters from file C:\Users\Apole\Desktop\Trabalho\actions-runner\.credentials_rsaparams
[2025-11-08 15:43:02Z INFO BrokerMessageListener] VssConnection created
[2025-11-08 15:43:02Z INFO BrokerMessageListener] Connecting to the Runner server...
[2025-11-08 15:43:02Z INFO RunnerServer] EstablishVssConnection
[2025-11-08 15:43:02Z INFO RunnerServer] Establish connection with 100 seconds timeout.
[2025-11-08 15:43:02Z INFO GitHubActionsService] Starting operation Location.GetConnectionData
[2025-11-08 15:43:02Z INFO RunnerServer] EstablishVssConnection
[2025-11-08 15:43:02Z INFO RunnerServer] Establish connection with 60 seconds timeout.
[2025-11-08 15:43:02Z INFO GitHubActionsService] Starting operation Location.GetConnectionData
[2025-11-08 15:43:02Z INFO RunnerServer] EstablishVssConnection
[2025-11-08 15:43:02Z INFO RunnerServer] Establish connection with 60 seconds timeout.
[2025-11-08 15:43:02Z INFO GitHubActionsService] Starting operation Location.GetConnectionData
[2025-11-08 15:43:02Z INFO GitHubActionsService] Finished operation Location.GetConnectionData
[2025-11-08 15:43:02Z INFO GitHubActionsService] Finished operation Location.GetConnectionData
[2025-11-08 15:43:02Z INFO GitHubActionsService] Finished operation Location.GetConnectionData
[2025-11-08 15:43:03Z INFO BrokerMessageListener] VssConnection created
[2025-11-08 15:43:03Z INFO Terminal] WRITE LINE: 
[2025-11-08 15:43:03Z INFO Terminal] WRITE LINE: 
[2025-11-08 15:43:03Z INFO RSAEncryptedFileKeyManager] Loading RSA key parameters from file C:\Users\Apole\Desktop\Trabalho\actions-runner\.credentials_rsaparams
[2025-11-08 15:43:03Z INFO RSAEncryptedFileKeyManager] Loading RSA key parameters from file C:\Users\Apole\Desktop\Trabalho\actions-runner\.credentials_rsaparams
[2025-11-08 15:43:03Z INFO GitHubActionsService] AAD Correlation ID for this token request: Unknown
[2025-11-08 15:43:04Z INFO BrokerMessageListener] Session created.
[2025-11-08 15:43:04Z INFO Terminal] WRITE LINE: Current runner version: '2.329.0'
[2025-11-08 15:43:04Z INFO Terminal] WRITE LINE: 2025-11-08 15:43:04Z: Listening for Jobs
[2025-11-08 15:43:04Z INFO JobDispatcher] Set runner/worker IPC timeout to 30 seconds.
[2025-11-08 15:43:24Z INFO BrokerMessageListener] Acknowledging runner request '4100f65f-75bd-5604-907e-fd8b9638d32b'.
[2025-11-08 15:43:24Z INFO ConfigurationStore] HasCredentials()
[2025-11-08 15:43:24Z INFO ConfigurationStore] stored True
[2025-11-08 15:43:24Z INFO CredentialManager] GetCredentialProvider
[2025-11-08 15:43:24Z INFO CredentialManager] Creating type OAuth
[2025-11-08 15:43:24Z INFO CredentialManager] Creating credential type: OAuth
[2025-11-08 15:43:24Z INFO RSAEncryptedFileKeyManager] Loading RSA key parameters from file C:\Users\Apole\Desktop\Trabalho\actions-runner\.credentials_rsaparams
[2025-11-08 15:43:24Z INFO RSAEncryptedFileKeyManager] Loading RSA key parameters from file C:\Users\Apole\Desktop\Trabalho\actions-runner\.credentials_rsaparams
[2025-11-08 15:43:24Z INFO RSAEncryptedFileKeyManager] Loading RSA key parameters from file C:\Users\Apole\Desktop\Trabalho\actions-runner\.credentials_rsaparams
[2025-11-08 15:43:25Z INFO GitHubActionsService] AAD Correlation ID for this token request: Unknown
[2025-11-08 15:43:26Z INFO JobDispatcher] Job request 0 for plan 4903b56a-6659-4d35-b8e3-c6bd9555c540 job 4100f65f-75bd-5604-907e-fd8b9638d32b received.
[2025-11-08 15:43:26Z INFO JobDispatcher] Pull OrchestrationId 4903b56a-6659-4d35-b8e3-c6bd9555c540.deploy.__default from JWT claims
[2025-11-08 15:43:26Z INFO BrokerMessageListener] Received job status event. JobState: Busy
[2025-11-08 15:43:26Z INFO BrokerMessageListener] _getMessagesTokenSource is already disposed.
[2025-11-08 15:43:26Z INFO Terminal] WRITE LINE: 2025-11-08 15:43:26Z: Running job: deploy
[2025-11-08 15:43:26Z INFO JobDispatcher] Start renew job request 0 for job 4100f65f-75bd-5604-907e-fd8b9638d32b.
[2025-11-08 15:43:27Z INFO JobDispatcher] Successfully renew job 4100f65f-75bd-5604-907e-fd8b9638d32b, job is valid till 08/11/2025 15:53:22
[2025-11-08 15:43:27Z INFO HostContext] Well known directory 'Bin': 'C:\Users\Apole\Desktop\Trabalho\actions-runner\bin'
[2025-11-08 15:43:27Z INFO ProcessInvokerWrapper] Starting process:
[2025-11-08 15:43:27Z INFO ProcessInvokerWrapper]   File name: 'C:\Users\Apole\Desktop\Trabalho\actions-runner\bin\Runner.Worker.exe'
[2025-11-08 15:43:27Z INFO ProcessInvokerWrapper]   Arguments: 'spawnclient 1992 1344'
[2025-11-08 15:43:27Z INFO ProcessInvokerWrapper]   Working directory: 'C:\Users\Apole\Desktop\Trabalho\actions-runner\bin'
[2025-11-08 15:43:27Z INFO ProcessInvokerWrapper]   Require exit code zero: 'False'
[2025-11-08 15:43:27Z INFO ProcessInvokerWrapper]   Encoding web name:  ; code page: ''
[2025-11-08 15:43:27Z INFO ProcessInvokerWrapper]   Force kill process on cancellation: 'True'
[2025-11-08 15:43:27Z INFO ProcessInvokerWrapper]   Redirected STDIN: 'False'
[2025-11-08 15:43:27Z INFO ProcessInvokerWrapper]   Persist current code page: 'False'
[2025-11-08 15:43:27Z INFO ProcessInvokerWrapper]   Keep redirected STDIN open: 'False'
[2025-11-08 15:43:27Z INFO ProcessInvokerWrapper]   High priority process: 'True'
[2025-11-08 15:43:27Z INFO ProcessInvokerWrapper] Process started with process id 13000, waiting for process exit.
[2025-11-08 15:43:27Z INFO JobDispatcher] Send job request message to worker for job 4100f65f-75bd-5604-907e-fd8b9638d32b.
[2025-11-08 15:43:27Z INFO ProcessChannel] Sending message of length 36821, with hash 'ed11a59a36a586901bdb76c67a5b6bcbd993cb1764bdef9e1f274f59d45bda25'
[2025-11-08 15:43:27Z INFO JobNotification] Entering JobStarted Notification
[2025-11-08 15:43:27Z INFO JobNotification] Entering StartMonitor
[2025-11-08 15:44:02Z INFO ProcessInvokerWrapper] STDOUT/STDERR stream read finished.
[2025-11-08 15:44:02Z INFO ProcessInvokerWrapper] STDOUT/STDERR stream read finished.
[2025-11-08 15:44:02Z INFO ProcessInvokerWrapper] Finished process 13000 with exit code 102, and elapsed time 00:00:35.8766407.
[2025-11-08 15:44:02Z INFO JobDispatcher] Worker finished for job 4100f65f-75bd-5604-907e-fd8b9638d32b. Code: 102
[2025-11-08 15:44:02Z INFO JobDispatcher] finish job request for job 4100f65f-75bd-5604-907e-fd8b9638d32b with result: Failed
[2025-11-08 15:44:02Z INFO Terminal] WRITE LINE: 2025-11-08 15:44:02Z: Job deploy completed with result: Failed
[2025-11-08 15:44:02Z INFO JobDispatcher] Stop renew job request for job 4100f65f-75bd-5604-907e-fd8b9638d32b.
[2025-11-08 15:44:02Z INFO JobDispatcher] job renew has been cancelled, stop renew job 4100f65f-75bd-5604-907e-fd8b9638d32b.
[2025-11-08 15:44:02Z INFO JobNotification] Entering JobCompleted Notification
[2025-11-08 15:44:02Z INFO JobNotification] Entering EndMonitor
[2025-11-08 15:44:02Z INFO BrokerMessageListener] Received job status event. JobState: Online
[2025-11-08 15:44:02Z WARN GitHubActionsService] GET request to https://broker.actions.githubusercontent.com/message?sessionId=99904668-5f23-4ebd-bc65-5574b26a1772&status=Busy&runnerVersion=2.329.0&os=Windows&architecture=X64&disableUpdate=false has been cancelled.
[2025-11-08 15:44:02Z ERR  BrokerServer] Catch exception during request
[2025-11-08 15:44:02Z ERR  BrokerServer] System.Threading.Tasks.TaskCanceledException: The operation was canceled.
 ---> System.Threading.Tasks.TaskCanceledException: The operation was canceled.
 ---> System.IO.IOException: Unable to read data from the transport connection: A operação de E/S foi anulada devido a uma saída de thread ou a uma requisição de aplicativo..
 ---> System.Net.Sockets.SocketException (995): A operação de E/S foi anulada devido a uma saída de thread ou a uma requisição de aplicativo.
   --- End of inner exception stack trace ---
   at System.Net.Sockets.Socket.AwaitableSocketAsyncEventArgs.ThrowException(SocketError error, CancellationToken cancellationToken)
   at System.Net.Sockets.Socket.AwaitableSocketAsyncEventArgs.System.Threading.Tasks.Sources.IValueTaskSource<System.Int32>.GetResult(Int16 token)
   at System.Net.Security.SslStream.EnsureFullTlsFrameAsync[TIOAdapter](CancellationToken cancellationToken, Int32 estimatedSize)
   at System.Runtime.CompilerServices.PoolingAsyncValueTaskMethodBuilder`1.StateMachineBox`1.System.Threading.Tasks.Sources.IValueTaskSource<TResult>.GetResult(Int16 token)
   at System.Net.Security.SslStream.ReadAsyncInternal[TIOAdapter](Memory`1 buffer, CancellationToken cancellationToken)
   at System.Runtime.CompilerServices.PoolingAsyncValueTaskMethodBuilder`1.StateMachineBox`1.System.Threading.Tasks.Sources.IValueTaskSource<TResult>.GetResult(Int16 token)
   at System.Net.Http.HttpConnection.SendAsync(HttpRequestMessage request, Boolean async, CancellationToken cancellationToken)
   --- End of inner exception stack trace ---
   at System.Net.Http.HttpConnection.SendAsync(HttpRequestMessage request, Boolean async, CancellationToken cancellationToken)
   at System.Net.Http.AuthenticationHelper.SendWithNtAuthAsync(HttpRequestMessage request, Uri authUri, Boolean async, ICredentials credentials, Boolean isProxyAuth, HttpConnection connection, HttpConnectionPool connectionPool, CancellationToken cancellationToken)
   at System.Net.Http.HttpConnectionPool.SendWithVersionDetectionAndRetryAsync(HttpRequestMessage request, Boolean async, Boolean doRequestAuth, CancellationToken cancellationToken)
   at System.Net.Http.AuthenticationHelper.SendWithAuthAsync(HttpRequestMessage request, Uri authUri, Boolean async, ICredentials credentials, Boolean preAuthenticate, Boolean isProxyAuth, Boolean doRequestAuth, HttpConnectionPool pool, CancellationToken cancellationToken)
   at System.Net.Http.RedirectHandler.SendAsync(HttpRequestMessage request, Boolean async, CancellationToken cancellationToken)
   at GitHub.Services.Common.RawHttpMessageHandler.SendAsync(HttpRequestMessage request, CancellationToken cancellationToken)
   at GitHub.Services.Common.VssHttpRetryMessageHandler.SendAsync(HttpRequestMessage request, CancellationToken cancellationToken)
   at System.Net.Http.HttpClient.<SendAsync>g__Core|83_0(HttpRequestMessage request, HttpCompletionOption completionOption, CancellationTokenSource cts, Boolean disposeCts, CancellationTokenSource pendingRequestsCts, CancellationToken originalCancellationToken)
   --- End of inner exception stack trace ---
   at System.Net.Http.HttpClient.HandleFailure(Exception e, Boolean telemetryStarted, HttpResponseMessage response, CancellationTokenSource cts, CancellationToken cancellationToken, CancellationTokenSource pendingRequestsCts)
   at System.Net.Http.HttpClient.<SendAsync>g__Core|83_0(HttpRequestMessage request, HttpCompletionOption completionOption, CancellationTokenSource cts, Boolean disposeCts, CancellationTokenSource pendingRequestsCts, CancellationToken originalCancellationToken)
   at Sdk.WebApi.WebApi.RawHttpClientBase.SendAsync(HttpRequestMessage message, HttpCompletionOption completionOption, Object userState, CancellationToken cancellationToken)
   at Sdk.WebApi.WebApi.RawHttpClientBase.SendAsync[T](HttpRequestMessage message, Boolean readErrorBody, Object userState, CancellationToken cancellationToken)
   at Sdk.WebApi.WebApi.RawHttpClientBase.SendAsync[T](HttpMethod method, IEnumerable`1 additionalHeaders, Uri requestUri, HttpContent content, IEnumerable`1 queryParameters, Boolean readErrorBody, Object userState, CancellationToken cancellationToken)
   at GitHub.Actions.RunService.WebApi.BrokerHttpClient.GetRunnerMessageAsync(Nullable`1 sessionId, String runnerVersion, Nullable`1 status, String os, String architecture, Nullable`1 disableUpdate, CancellationToken cancellationToken)
   at GitHub.Runner.Common.BrokerServer.<>c__DisplayClass7_0.<<GetRunnerMessageAsync>b__0>d.MoveNext()
--- End of stack trace from previous location ---
   at GitHub.Runner.Common.RunnerService.RetryRequest[T](Func`1 func, CancellationToken cancellationToken, Int32 maxAttempts, Func`2 shouldRetry)
[2025-11-08 15:44:02Z ERR  BrokerServer] #####################################################
[2025-11-08 15:44:02Z ERR  BrokerServer] System.Threading.Tasks.TaskCanceledException: The operation was canceled.
 ---> System.IO.IOException: Unable to read data from the transport connection: A operação de E/S foi anulada devido a uma saída de thread ou a uma requisição de aplicativo..
 ---> System.Net.Sockets.SocketException (995): A operação de E/S foi anulada devido a uma saída de thread ou a uma requisição de aplicativo.
   --- End of inner exception stack trace ---
   at System.Net.Sockets.Socket.AwaitableSocketAsyncEventArgs.ThrowException(SocketError error, CancellationToken cancellationToken)
   at System.Net.Sockets.Socket.AwaitableSocketAsyncEventArgs.System.Threading.Tasks.Sources.IValueTaskSource<System.Int32>.GetResult(Int16 token)
   at System.Net.Security.SslStream.EnsureFullTlsFrameAsync[TIOAdapter](CancellationToken cancellationToken, Int32 estimatedSize)
   at System.Runtime.CompilerServices.PoolingAsyncValueTaskMethodBuilder`1.StateMachineBox`1.System.Threading.Tasks.Sources.IValueTaskSource<TResult>.GetResult(Int16 token)
   at System.Net.Security.SslStream.ReadAsyncInternal[TIOAdapter](Memory`1 buffer, CancellationToken cancellationToken)
   at System.Runtime.CompilerServices.PoolingAsyncValueTaskMethodBuilder`1.StateMachineBox`1.System.Threading.Tasks.Sources.IValueTaskSource<TResult>.GetResult(Int16 token)
   at System.Net.Http.HttpConnection.SendAsync(HttpRequestMessage request, Boolean async, CancellationToken cancellationToken)
   --- End of inner exception stack trace ---
   at System.Net.Http.HttpConnection.SendAsync(HttpRequestMessage request, Boolean async, CancellationToken cancellationToken)
   at System.Net.Http.AuthenticationHelper.SendWithNtAuthAsync(HttpRequestMessage request, Uri authUri, Boolean async, ICredentials credentials, Boolean isProxyAuth, HttpConnection connection, HttpConnectionPool connectionPool, CancellationToken cancellationToken)
   at System.Net.Http.HttpConnectionPool.SendWithVersionDetectionAndRetryAsync(HttpRequestMessage request, Boolean async, Boolean doRequestAuth, CancellationToken cancellationToken)
   at System.Net.Http.AuthenticationHelper.SendWithAuthAsync(HttpRequestMessage request, Uri authUri, Boolean async, ICredentials credentials, Boolean preAuthenticate, Boolean isProxyAuth, Boolean doRequestAuth, HttpConnectionPool pool, CancellationToken cancellationToken)
   at System.Net.Http.RedirectHandler.SendAsync(HttpRequestMessage request, Boolean async, CancellationToken cancellationToken)
   at GitHub.Services.Common.RawHttpMessageHandler.SendAsync(HttpRequestMessage request, CancellationToken cancellationToken)
   at GitHub.Services.Common.VssHttpRetryMessageHandler.SendAsync(HttpRequestMessage request, CancellationToken cancellationToken)
   at System.Net.Http.HttpClient.<SendAsync>g__Core|83_0(HttpRequestMessage request, HttpCompletionOption completionOption, CancellationTokenSource cts, Boolean disposeCts, CancellationTokenSource pendingRequestsCts, CancellationToken originalCancellationToken)
[2025-11-08 15:44:02Z ERR  BrokerServer] #####################################################
[2025-11-08 15:44:02Z ERR  BrokerServer] System.IO.IOException: Unable to read data from the transport connection: A operação de E/S foi anulada devido a uma saída de thread ou a uma requisição de aplicativo..
 ---> System.Net.Sockets.SocketException (995): A operação de E/S foi anulada devido a uma saída de thread ou a uma requisição de aplicativo.
   --- End of inner exception stack trace ---
   at System.Net.Sockets.Socket.AwaitableSocketAsyncEventArgs.ThrowException(SocketError error, CancellationToken cancellationToken)
   at System.Net.Sockets.Socket.AwaitableSocketAsyncEventArgs.System.Threading.Tasks.Sources.IValueTaskSource<System.Int32>.GetResult(Int16 token)
   at System.Net.Security.SslStream.EnsureFullTlsFrameAsync[TIOAdapter](CancellationToken cancellationToken, Int32 estimatedSize)
   at System.Runtime.CompilerServices.PoolingAsyncValueTaskMethodBuilder`1.StateMachineBox`1.System.Threading.Tasks.Sources.IValueTaskSource<TResult>.GetResult(Int16 token)
   at System.Net.Security.SslStream.ReadAsyncInternal[TIOAdapter](Memory`1 buffer, CancellationToken cancellationToken)
   at System.Runtime.CompilerServices.PoolingAsyncValueTaskMethodBuilder`1.StateMachineBox`1.System.Threading.Tasks.Sources.IValueTaskSource<TResult>.GetResult(Int16 token)
   at System.Net.Http.HttpConnection.SendAsync(HttpRequestMessage request, Boolean async, CancellationToken cancellationToken)
[2025-11-08 15:44:02Z ERR  BrokerServer] #####################################################
[2025-11-08 15:44:02Z ERR  BrokerServer] System.Net.Sockets.SocketException (995): A operação de E/S foi anulada devido a uma saída de thread ou a uma requisição de aplicativo.
[2025-11-08 15:44:02Z WARN BrokerServer] Back off 11,856 seconds before next retry. 4 attempt left.
[2025-11-08 15:44:02Z INFO BrokerMessageListener] Get messages has been cancelled using local token source. Continue to get messages with new status.
[2025-11-08 15:47:18Z INFO BrokerMessageListener] Acknowledging runner request '012c2caf-2ff4-54b5-b2f2-9b902a598e39'.
[2025-11-08 15:47:19Z INFO ConfigurationStore] HasCredentials()
[2025-11-08 15:47:19Z INFO ConfigurationStore] stored True
[2025-11-08 15:47:19Z INFO CredentialManager] GetCredentialProvider
[2025-11-08 15:47:19Z INFO CredentialManager] Creating type OAuth
[2025-11-08 15:47:19Z INFO CredentialManager] Creating credential type: OAuth
[2025-11-08 15:47:19Z INFO RSAEncryptedFileKeyManager] Loading RSA key parameters from file C:\Users\Apole\Desktop\Trabalho\actions-runner\.credentials_rsaparams
[2025-11-08 15:47:19Z INFO RSAEncryptedFileKeyManager] Loading RSA key parameters from file C:\Users\Apole\Desktop\Trabalho\actions-runner\.credentials_rsaparams
[2025-11-08 15:47:19Z INFO RSAEncryptedFileKeyManager] Loading RSA key parameters from file C:\Users\Apole\Desktop\Trabalho\actions-runner\.credentials_rsaparams
[2025-11-08 15:47:19Z INFO GitHubActionsService] AAD Correlation ID for this token request: Unknown
[2025-11-08 15:47:20Z INFO JobDispatcher] Job request 0 for plan 23cb9b50-f17c-49ce-b331-9955c39b2275 job 012c2caf-2ff4-54b5-b2f2-9b902a598e39 received.
[2025-11-08 15:47:20Z INFO JobDispatcher] Pull OrchestrationId 23cb9b50-f17c-49ce-b331-9955c39b2275.deploy.__default from JWT claims
[2025-11-08 15:47:20Z INFO BrokerMessageListener] Received job status event. JobState: Busy
[2025-11-08 15:47:20Z INFO BrokerMessageListener] _getMessagesTokenSource is already disposed.
[2025-11-08 15:47:20Z INFO JobDispatcher] Job request 4100f65f-75bd-5604-907e-fd8b9638d32b processed succeed.
[2025-11-08 15:47:20Z INFO Terminal] WRITE LINE: 2025-11-08 15:47:20Z: Running job: deploy
[2025-11-08 15:47:20Z INFO JobDispatcher] Start renew job request 0 for job 012c2caf-2ff4-54b5-b2f2-9b902a598e39.
[2025-11-08 15:47:21Z INFO JobDispatcher] Successfully renew job 012c2caf-2ff4-54b5-b2f2-9b902a598e39, job is valid till 08/11/2025 15:57:16
[2025-11-08 15:47:21Z INFO HostContext] Well known directory 'Bin': 'C:\Users\Apole\Desktop\Trabalho\actions-runner\bin'
[2025-11-08 15:47:21Z INFO ProcessInvokerWrapper] Starting process:
[2025-11-08 15:47:21Z INFO ProcessInvokerWrapper]   File name: 'C:\Users\Apole\Desktop\Trabalho\actions-runner\bin\Runner.Worker.exe'
[2025-11-08 15:47:21Z INFO ProcessInvokerWrapper]   Arguments: 'spawnclient 1992 1172'
[2025-11-08 15:47:21Z INFO ProcessInvokerWrapper]   Working directory: 'C:\Users\Apole\Desktop\Trabalho\actions-runner\bin'
[2025-11-08 15:47:21Z INFO ProcessInvokerWrapper]   Require exit code zero: 'False'
[2025-11-08 15:47:21Z INFO ProcessInvokerWrapper]   Encoding web name:  ; code page: ''
[2025-11-08 15:47:21Z INFO ProcessInvokerWrapper]   Force kill process on cancellation: 'True'
[2025-11-08 15:47:21Z INFO ProcessInvokerWrapper]   Redirected STDIN: 'False'
[2025-11-08 15:47:21Z INFO ProcessInvokerWrapper]   Persist current code page: 'False'
[2025-11-08 15:47:21Z INFO ProcessInvokerWrapper]   Keep redirected STDIN open: 'False'
[2025-11-08 15:47:21Z INFO ProcessInvokerWrapper]   High priority process: 'True'
[2025-11-08 15:47:21Z INFO ProcessInvokerWrapper] Process started with process id 3052, waiting for process exit.
[2025-11-08 15:47:21Z INFO JobDispatcher] Send job request message to worker for job 012c2caf-2ff4-54b5-b2f2-9b902a598e39.
[2025-11-08 15:47:21Z INFO ProcessChannel] Sending message of length 36924, with hash '8d41569f89511529f849bde45a414911fda160667562b645e23573b90bea9c3d'
[2025-11-08 15:47:21Z INFO JobNotification] Entering JobStarted Notification
[2025-11-08 15:47:21Z INFO JobNotification] Entering StartMonitor
[2025-11-08 15:47:40Z INFO ProcessInvokerWrapper] STDOUT/STDERR stream read finished.
[2025-11-08 15:47:40Z INFO ProcessInvokerWrapper] STDOUT/STDERR stream read finished.
[2025-11-08 15:47:40Z INFO ProcessInvokerWrapper] Finished process 3052 with exit code 102, and elapsed time 00:00:19.3818095.
[2025-11-08 15:47:40Z INFO JobDispatcher] Worker finished for job 012c2caf-2ff4-54b5-b2f2-9b902a598e39. Code: 102
[2025-11-08 15:47:40Z INFO JobDispatcher] finish job request for job 012c2caf-2ff4-54b5-b2f2-9b902a598e39 with result: Failed
[2025-11-08 15:47:40Z INFO Terminal] WRITE LINE: 2025-11-08 15:47:40Z: Job deploy completed with result: Failed
[2025-11-08 15:47:40Z INFO JobDispatcher] Stop renew job request for job 012c2caf-2ff4-54b5-b2f2-9b902a598e39.
[2025-11-08 15:47:40Z INFO JobDispatcher] job renew has been cancelled, stop renew job 012c2caf-2ff4-54b5-b2f2-9b902a598e39.
[2025-11-08 15:47:40Z INFO JobNotification] Entering JobCompleted Notification
[2025-11-08 15:47:40Z INFO JobNotification] Entering EndMonitor
[2025-11-08 15:47:40Z INFO BrokerMessageListener] Received job status event. JobState: Online
[2025-11-08 15:47:40Z WARN GitHubActionsService] GET request to https://broker.actions.githubusercontent.com/message?sessionId=99904668-5f23-4ebd-bc65-5574b26a1772&status=Busy&runnerVersion=2.329.0&os=Windows&architecture=X64&disableUpdate=false has been cancelled.
[2025-11-08 15:47:40Z ERR  BrokerServer] Catch exception during request
[2025-11-08 15:47:40Z ERR  BrokerServer] System.Threading.Tasks.TaskCanceledException: The operation was canceled.
 ---> System.Threading.Tasks.TaskCanceledException: The operation was canceled.
 ---> System.IO.IOException: Unable to read data from the transport connection: A operação de E/S foi anulada devido a uma saída de thread ou a uma requisição de aplicativo..
 ---> System.Net.Sockets.SocketException (995): A operação de E/S foi anulada devido a uma saída de thread ou a uma requisição de aplicativo.
   --- End of inner exception stack trace ---
   at System.Net.Sockets.Socket.AwaitableSocketAsyncEventArgs.ThrowException(SocketError error, CancellationToken cancellationToken)
   at System.Net.Sockets.Socket.AwaitableSocketAsyncEventArgs.System.Threading.Tasks.Sources.IValueTaskSource<System.Int32>.GetResult(Int16 token)
   at System.Net.Security.SslStream.EnsureFullTlsFrameAsync[TIOAdapter](CancellationToken cancellationToken, Int32 estimatedSize)
   at System.Runtime.CompilerServices.PoolingAsyncValueTaskMethodBuilder`1.StateMachineBox`1.System.Threading.Tasks.Sources.IValueTaskSource<TResult>.GetResult(Int16 token)
   at System.Net.Security.SslStream.ReadAsyncInternal[TIOAdapter](Memory`1 buffer, CancellationToken cancellationToken)
   at System.Runtime.CompilerServices.PoolingAsyncValueTaskMethodBuilder`1.StateMachineBox`1.System.Threading.Tasks.Sources.IValueTaskSource<TResult>.GetResult(Int16 token)
   at System.Net.Http.HttpConnection.SendAsync(HttpRequestMessage request, Boolean async, CancellationToken cancellationToken)
   --- End of inner exception stack trace ---
   at System.Net.Http.HttpConnection.SendAsync(HttpRequestMessage request, Boolean async, CancellationToken cancellationToken)
   at System.Net.Http.AuthenticationHelper.SendWithNtAuthAsync(HttpRequestMessage request, Uri authUri, Boolean async, ICredentials credentials, Boolean isProxyAuth, HttpConnection connection, HttpConnectionPool connectionPool, CancellationToken cancellationToken)
   at System.Net.Http.HttpConnectionPool.SendWithVersionDetectionAndRetryAsync(HttpRequestMessage request, Boolean async, Boolean doRequestAuth, CancellationToken cancellationToken)
   at System.Net.Http.AuthenticationHelper.SendWithAuthAsync(HttpRequestMessage request, Uri authUri, Boolean async, ICredentials credentials, Boolean preAuthenticate, Boolean isProxyAuth, Boolean doRequestAuth, HttpConnectionPool pool, CancellationToken cancellationToken)
   at System.Net.Http.RedirectHandler.SendAsync(HttpRequestMessage request, Boolean async, CancellationToken cancellationToken)
   at GitHub.Services.Common.RawHttpMessageHandler.SendAsync(HttpRequestMessage request, CancellationToken cancellationToken)
   at GitHub.Services.Common.VssHttpRetryMessageHandler.SendAsync(HttpRequestMessage request, CancellationToken cancellationToken)
   at System.Net.Http.HttpClient.<SendAsync>g__Core|83_0(HttpRequestMessage request, HttpCompletionOption completionOption, CancellationTokenSource cts, Boolean disposeCts, CancellationTokenSource pendingRequestsCts, CancellationToken originalCancellationToken)
   --- End of inner exception stack trace ---
   at System.Net.Http.HttpClient.HandleFailure(Exception e, Boolean telemetryStarted, HttpResponseMessage response, CancellationTokenSource cts, CancellationToken cancellationToken, CancellationTokenSource pendingRequestsCts)
   at System.Net.Http.HttpClient.<SendAsync>g__Core|83_0(HttpRequestMessage request, HttpCompletionOption completionOption, CancellationTokenSource cts, Boolean disposeCts, CancellationTokenSource pendingRequestsCts, CancellationToken originalCancellationToken)
   at Sdk.WebApi.WebApi.RawHttpClientBase.SendAsync(HttpRequestMessage message, HttpCompletionOption completionOption, Object userState, CancellationToken cancellationToken)
   at Sdk.WebApi.WebApi.RawHttpClientBase.SendAsync[T](HttpRequestMessage message, Boolean readErrorBody, Object userState, CancellationToken cancellationToken)
   at Sdk.WebApi.WebApi.RawHttpClientBase.SendAsync[T](HttpMethod method, IEnumerable`1 additionalHeaders, Uri requestUri, HttpContent content, IEnumerable`1 queryParameters, Boolean readErrorBody, Object userState, CancellationToken cancellationToken)
   at GitHub.Actions.RunService.WebApi.BrokerHttpClient.GetRunnerMessageAsync(Nullable`1 sessionId, String runnerVersion, Nullable`1 status, String os, String architecture, Nullable`1 disableUpdate, CancellationToken cancellationToken)
   at GitHub.Runner.Common.BrokerServer.<>c__DisplayClass7_0.<<GetRunnerMessageAsync>b__0>d.MoveNext()
--- End of stack trace from previous location ---
   at GitHub.Runner.Common.RunnerService.RetryRequest[T](Func`1 func, CancellationToken cancellationToken, Int32 maxAttempts, Func`2 shouldRetry)
[2025-11-08 15:47:40Z ERR  BrokerServer] #####################################################
[2025-11-08 15:47:40Z ERR  BrokerServer] System.Threading.Tasks.TaskCanceledException: The operation was canceled.
 ---> System.IO.IOException: Unable to read data from the transport connection: A operação de E/S foi anulada devido a uma saída de thread ou a uma requisição de aplicativo..
 ---> System.Net.Sockets.SocketException (995): A operação de E/S foi anulada devido a uma saída de thread ou a uma requisição de aplicativo.
   --- End of inner exception stack trace ---
   at System.Net.Sockets.Socket.AwaitableSocketAsyncEventArgs.ThrowException(SocketError error, CancellationToken cancellationToken)
   at System.Net.Sockets.Socket.AwaitableSocketAsyncEventArgs.System.Threading.Tasks.Sources.IValueTaskSource<System.Int32>.GetResult(Int16 token)
   at System.Net.Security.SslStream.EnsureFullTlsFrameAsync[TIOAdapter](CancellationToken cancellationToken, Int32 estimatedSize)
   at System.Runtime.CompilerServices.PoolingAsyncValueTaskMethodBuilder`1.StateMachineBox`1.System.Threading.Tasks.Sources.IValueTaskSource<TResult>.GetResult(Int16 token)
   at System.Net.Security.SslStream.ReadAsyncInternal[TIOAdapter](Memory`1 buffer, CancellationToken cancellationToken)
   at System.Runtime.CompilerServices.PoolingAsyncValueTaskMethodBuilder`1.StateMachineBox`1.System.Threading.Tasks.Sources.IValueTaskSource<TResult>.GetResult(Int16 token)
   at System.Net.Http.HttpConnection.SendAsync(HttpRequestMessage request, Boolean async, CancellationToken cancellationToken)
   --- End of inner exception stack trace ---
   at System.Net.Http.HttpConnection.SendAsync(HttpRequestMessage request, Boolean async, CancellationToken cancellationToken)
   at System.Net.Http.AuthenticationHelper.SendWithNtAuthAsync(HttpRequestMessage request, Uri authUri, Boolean async, ICredentials credentials, Boolean isProxyAuth, HttpConnection connection, HttpConnectionPool connectionPool, CancellationToken cancellationToken)
   at System.Net.Http.HttpConnectionPool.SendWithVersionDetectionAndRetryAsync(HttpRequestMessage request, Boolean async, Boolean doRequestAuth, CancellationToken cancellationToken)
   at System.Net.Http.AuthenticationHelper.SendWithAuthAsync(HttpRequestMessage request, Uri authUri, Boolean async, ICredentials credentials, Boolean preAuthenticate, Boolean isProxyAuth, Boolean doRequestAuth, HttpConnectionPool pool, CancellationToken cancellationToken)
   at System.Net.Http.RedirectHandler.SendAsync(HttpRequestMessage request, Boolean async, CancellationToken cancellationToken)
   at GitHub.Services.Common.RawHttpMessageHandler.SendAsync(HttpRequestMessage request, CancellationToken cancellationToken)
   at GitHub.Services.Common.VssHttpRetryMessageHandler.SendAsync(HttpRequestMessage request, CancellationToken cancellationToken)
   at System.Net.Http.HttpClient.<SendAsync>g__Core|83_0(HttpRequestMessage request, HttpCompletionOption completionOption, CancellationTokenSource cts, Boolean disposeCts, CancellationTokenSource pendingRequestsCts, CancellationToken originalCancellationToken)
[2025-11-08 15:47:40Z ERR  BrokerServer] #####################################################
[2025-11-08 15:47:40Z ERR  BrokerServer] System.IO.IOException: Unable to read data from the transport connection: A operação de E/S foi anulada devido a uma saída de thread ou a uma requisição de aplicativo..
 ---> System.Net.Sockets.SocketException (995): A operação de E/S foi anulada devido a uma saída de thread ou a uma requisição de aplicativo.
   --- End of inner exception stack trace ---
   at System.Net.Sockets.Socket.AwaitableSocketAsyncEventArgs.ThrowException(SocketError error, CancellationToken cancellationToken)
   at System.Net.Sockets.Socket.AwaitableSocketAsyncEventArgs.System.Threading.Tasks.Sources.IValueTaskSource<System.Int32>.GetResult(Int16 token)
   at System.Net.Security.SslStream.EnsureFullTlsFrameAsync[TIOAdapter](CancellationToken cancellationToken, Int32 estimatedSize)
   at System.Runtime.CompilerServices.PoolingAsyncValueTaskMethodBuilder`1.StateMachineBox`1.System.Threading.Tasks.Sources.IValueTaskSource<TResult>.GetResult(Int16 token)
   at System.Net.Security.SslStream.ReadAsyncInternal[TIOAdapter](Memory`1 buffer, CancellationToken cancellationToken)
   at System.Runtime.CompilerServices.PoolingAsyncValueTaskMethodBuilder`1.StateMachineBox`1.System.Threading.Tasks.Sources.IValueTaskSource<TResult>.GetResult(Int16 token)
   at System.Net.Http.HttpConnection.SendAsync(HttpRequestMessage request, Boolean async, CancellationToken cancellationToken)
[2025-11-08 15:47:40Z ERR  BrokerServer] #####################################################
[2025-11-08 15:47:40Z ERR  BrokerServer] System.Net.Sockets.SocketException (995): A operação de E/S foi anulada devido a uma saída de thread ou a uma requisição de aplicativo.
[2025-11-08 15:47:40Z WARN BrokerServer] Back off 6,403 seconds before next retry. 4 attempt left.
[2025-11-08 15:47:40Z INFO BrokerMessageListener] Get messages has been cancelled using local token source. Continue to get messages with new status.
[2025-11-08 15:51:27Z INFO BrokerMessageListener] Acknowledging runner request '9aab9f9f-559f-5064-9a9e-090786080d62'.
[2025-11-08 15:51:28Z INFO ConfigurationStore] HasCredentials()
[2025-11-08 15:51:28Z INFO ConfigurationStore] stored True
[2025-11-08 15:51:28Z INFO CredentialManager] GetCredentialProvider
[2025-11-08 15:51:28Z INFO CredentialManager] Creating type OAuth
[2025-11-08 15:51:28Z INFO CredentialManager] Creating credential type: OAuth
[2025-11-08 15:51:28Z INFO RSAEncryptedFileKeyManager] Loading RSA key parameters from file C:\Users\Apole\Desktop\Trabalho\actions-runner\.credentials_rsaparams
[2025-11-08 15:51:28Z INFO RSAEncryptedFileKeyManager] Loading RSA key parameters from file C:\Users\Apole\Desktop\Trabalho\actions-runner\.credentials_rsaparams
[2025-11-08 15:51:28Z INFO RSAEncryptedFileKeyManager] Loading RSA key parameters from file C:\Users\Apole\Desktop\Trabalho\actions-runner\.credentials_rsaparams
[2025-11-08 15:51:28Z INFO GitHubActionsService] AAD Correlation ID for this token request: Unknown
[2025-11-08 15:51:29Z INFO JobDispatcher] Job request 0 for plan 8f3d215c-c9b5-45c1-8257-8c66abe803a0 job 9aab9f9f-559f-5064-9a9e-090786080d62 received.
[2025-11-08 15:51:29Z INFO JobDispatcher] Pull OrchestrationId 8f3d215c-c9b5-45c1-8257-8c66abe803a0.deploy.__default from JWT claims
[2025-11-08 15:51:29Z INFO BrokerMessageListener] Received job status event. JobState: Busy
[2025-11-08 15:51:29Z INFO BrokerMessageListener] _getMessagesTokenSource is already disposed.
[2025-11-08 15:51:29Z INFO JobDispatcher] Job request 012c2caf-2ff4-54b5-b2f2-9b902a598e39 processed succeed.
[2025-11-08 15:51:29Z INFO Terminal] WRITE LINE: 2025-11-08 15:51:29Z: Running job: deploy
[2025-11-08 15:51:29Z INFO JobDispatcher] Start renew job request 0 for job 9aab9f9f-559f-5064-9a9e-090786080d62.
[2025-11-08 15:51:30Z INFO JobDispatcher] Successfully renew job 9aab9f9f-559f-5064-9a9e-090786080d62, job is valid till 08/11/2025 16:01:26
[2025-11-08 15:51:30Z INFO HostContext] Well known directory 'Bin': 'C:\Users\Apole\Desktop\Trabalho\actions-runner\bin'
[2025-11-08 15:51:30Z INFO ProcessInvokerWrapper] Starting process:
[2025-11-08 15:51:30Z INFO ProcessInvokerWrapper]   File name: 'C:\Users\Apole\Desktop\Trabalho\actions-runner\bin\Runner.Worker.exe'
[2025-11-08 15:51:30Z INFO ProcessInvokerWrapper]   Arguments: 'spawnclient 2444 2456'
[2025-11-08 15:51:30Z INFO ProcessInvokerWrapper]   Working directory: 'C:\Users\Apole\Desktop\Trabalho\actions-runner\bin'
[2025-11-08 15:51:30Z INFO ProcessInvokerWrapper]   Require exit code zero: 'False'
[2025-11-08 15:51:30Z INFO ProcessInvokerWrapper]   Encoding web name:  ; code page: ''
[2025-11-08 15:51:30Z INFO ProcessInvokerWrapper]   Force kill process on cancellation: 'True'
[2025-11-08 15:51:30Z INFO ProcessInvokerWrapper]   Redirected STDIN: 'False'
[2025-11-08 15:51:30Z INFO ProcessInvokerWrapper]   Persist current code page: 'False'
[2025-11-08 15:51:30Z INFO ProcessInvokerWrapper]   Keep redirected STDIN open: 'False'
[2025-11-08 15:51:30Z INFO ProcessInvokerWrapper]   High priority process: 'True'
[2025-11-08 15:51:30Z INFO ProcessInvokerWrapper] Process started with process id 13208, waiting for process exit.
[2025-11-08 15:51:30Z INFO JobDispatcher] Send job request message to worker for job 9aab9f9f-559f-5064-9a9e-090786080d62.
[2025-11-08 15:51:30Z INFO ProcessChannel] Sending message of length 36947, with hash 'cd866e69cd57f841ce7c4ee3887f3f06801b4af5036c3f95560b2f651c6a3d38'
[2025-11-08 15:51:30Z INFO JobNotification] Entering JobStarted Notification
[2025-11-08 15:51:30Z INFO JobNotification] Entering StartMonitor
[2025-11-08 15:52:30Z INFO JobDispatcher] Successfully renew job 9aab9f9f-559f-5064-9a9e-090786080d62, job is valid till 08/11/2025 16:02:26
[2025-11-08 15:52:59Z INFO ProcessInvokerWrapper] STDOUT/STDERR stream read finished.
[2025-11-08 15:52:59Z INFO ProcessInvokerWrapper] STDOUT/STDERR stream read finished.
[2025-11-08 15:52:59Z INFO ProcessInvokerWrapper] Finished process 13208 with exit code 100, and elapsed time 00:01:29.2691500.
[2025-11-08 15:52:59Z INFO JobDispatcher] Worker finished for job 9aab9f9f-559f-5064-9a9e-090786080d62. Code: 100
[2025-11-08 15:52:59Z INFO JobDispatcher] finish job request for job 9aab9f9f-559f-5064-9a9e-090786080d62 with result: Succeeded
[2025-11-08 15:52:59Z INFO Terminal] WRITE LINE: 2025-11-08 15:52:59Z: Job deploy completed with result: Succeeded
[2025-11-08 15:52:59Z INFO JobDispatcher] Stop renew job request for job 9aab9f9f-559f-5064-9a9e-090786080d62.
[2025-11-08 15:52:59Z INFO JobDispatcher] job renew has been cancelled, stop renew job 9aab9f9f-559f-5064-9a9e-090786080d62.
[2025-11-08 15:52:59Z INFO JobNotification] Entering JobCompleted Notification
[2025-11-08 15:52:59Z INFO JobNotification] Entering EndMonitor
[2025-11-08 15:52:59Z INFO BrokerMessageListener] Received job status event. JobState: Online
[2025-11-08 15:52:59Z WARN GitHubActionsService] GET request to https://broker.actions.githubusercontent.com/message?sessionId=99904668-5f23-4ebd-bc65-5574b26a1772&status=Busy&runnerVersion=2.329.0&os=Windows&architecture=X64&disableUpdate=false has been cancelled.
[2025-11-08 15:52:59Z ERR  BrokerServer] Catch exception during request
[2025-11-08 15:52:59Z ERR  BrokerServer] System.Threading.Tasks.TaskCanceledException: The operation was canceled.
 ---> System.Threading.Tasks.TaskCanceledException: The operation was canceled.
 ---> System.IO.IOException: Unable to read data from the transport connection: A operação de E/S foi anulada devido a uma saída de thread ou a uma requisição de aplicativo..
 ---> System.Net.Sockets.SocketException (995): A operação de E/S foi anulada devido a uma saída de thread ou a uma requisição de aplicativo.
   --- End of inner exception stack trace ---
   at System.Net.Sockets.Socket.AwaitableSocketAsyncEventArgs.System.Threading.Tasks.Sources.IValueTaskSource<System.Int32>.GetResult(Int16 token)
   at System.Net.Security.SslStream.EnsureFullTlsFrameAsync[TIOAdapter](CancellationToken cancellationToken, Int32 estimatedSize)
   at System.Runtime.CompilerServices.PoolingAsyncValueTaskMethodBuilder`1.StateMachineBox`1.System.Threading.Tasks.Sources.IValueTaskSource<TResult>.GetResult(Int16 token)
   at System.Net.Security.SslStream.ReadAsyncInternal[TIOAdapter](Memory`1 buffer, CancellationToken cancellationToken)
   at System.Runtime.CompilerServices.PoolingAsyncValueTaskMethodBuilder`1.StateMachineBox`1.System.Threading.Tasks.Sources.IValueTaskSource<TResult>.GetResult(Int16 token)
   at System.Net.Http.HttpConnection.SendAsync(HttpRequestMessage request, Boolean async, CancellationToken cancellationToken)
   --- End of inner exception stack trace ---
   at System.Net.Http.HttpConnection.SendAsync(HttpRequestMessage request, Boolean async, CancellationToken cancellationToken)
   at System.Net.Http.AuthenticationHelper.SendWithNtAuthAsync(HttpRequestMessage request, Uri authUri, Boolean async, ICredentials credentials, Boolean isProxyAuth, HttpConnection connection, HttpConnectionPool connectionPool, CancellationToken cancellationToken)
   at System.Net.Http.HttpConnectionPool.SendWithVersionDetectionAndRetryAsync(HttpRequestMessage request, Boolean async, Boolean doRequestAuth, CancellationToken cancellationToken)
   at System.Net.Http.AuthenticationHelper.SendWithAuthAsync(HttpRequestMessage request, Uri authUri, Boolean async, ICredentials credentials, Boolean preAuthenticate, Boolean isProxyAuth, Boolean doRequestAuth, HttpConnectionPool pool, CancellationToken cancellationToken)
   at System.Net.Http.RedirectHandler.SendAsync(HttpRequestMessage request, Boolean async, CancellationToken cancellationToken)
   at GitHub.Services.Common.RawHttpMessageHandler.SendAsync(HttpRequestMessage request, CancellationToken cancellationToken)
   at GitHub.Services.Common.VssHttpRetryMessageHandler.SendAsync(HttpRequestMessage request, CancellationToken cancellationToken)
   at System.Net.Http.HttpClient.<SendAsync>g__Core|83_0(HttpRequestMessage request, HttpCompletionOption completionOption, CancellationTokenSource cts, Boolean disposeCts, CancellationTokenSource pendingRequestsCts, CancellationToken originalCancellationToken)
   --- End of inner exception stack trace ---
   at System.Net.Http.HttpClient.HandleFailure(Exception e, Boolean telemetryStarted, HttpResponseMessage response, CancellationTokenSource cts, CancellationToken cancellationToken, CancellationTokenSource pendingRequestsCts)
   at System.Net.Http.HttpClient.<SendAsync>g__Core|83_0(HttpRequestMessage request, HttpCompletionOption completionOption, CancellationTokenSource cts, Boolean disposeCts, CancellationTokenSource pendingRequestsCts, CancellationToken originalCancellationToken)
   at Sdk.WebApi.WebApi.RawHttpClientBase.SendAsync(HttpRequestMessage message, HttpCompletionOption completionOption, Object userState, CancellationToken cancellationToken)
   at Sdk.WebApi.WebApi.RawHttpClientBase.SendAsync[T](HttpRequestMessage message, Boolean readErrorBody, Object userState, CancellationToken cancellationToken)
   at Sdk.WebApi.WebApi.RawHttpClientBase.SendAsync[T](HttpMethod method, IEnumerable`1 additionalHeaders, Uri requestUri, HttpContent content, IEnumerable`1 queryParameters, Boolean readErrorBody, Object userState, CancellationToken cancellationToken)
   at GitHub.Actions.RunService.WebApi.BrokerHttpClient.GetRunnerMessageAsync(Nullable`1 sessionId, String runnerVersion, Nullable`1 status, String os, String architecture, Nullable`1 disableUpdate, CancellationToken cancellationToken)
   at GitHub.Runner.Common.BrokerServer.<>c__DisplayClass7_0.<<GetRunnerMessageAsync>b__0>d.MoveNext()
--- End of stack trace from previous location ---
   at GitHub.Runner.Common.RunnerService.RetryRequest[T](Func`1 func, CancellationToken cancellationToken, Int32 maxAttempts, Func`2 shouldRetry)
[2025-11-08 15:52:59Z ERR  BrokerServer] #####################################################
[2025-11-08 15:52:59Z ERR  BrokerServer] System.Threading.Tasks.TaskCanceledException: The operation was canceled.
 ---> System.IO.IOException: Unable to read data from the transport connection: A operação de E/S foi anulada devido a uma saída de thread ou a uma requisição de aplicativo..
 ---> System.Net.Sockets.SocketException (995): A operação de E/S foi anulada devido a uma saída de thread ou a uma requisição de aplicativo.
   --- End of inner exception stack trace ---
   at System.Net.Sockets.Socket.AwaitableSocketAsyncEventArgs.System.Threading.Tasks.Sources.IValueTaskSource<System.Int32>.GetResult(Int16 token)
   at System.Net.Security.SslStream.EnsureFullTlsFrameAsync[TIOAdapter](CancellationToken cancellationToken, Int32 estimatedSize)
   at System.Runtime.CompilerServices.PoolingAsyncValueTaskMethodBuilder`1.StateMachineBox`1.System.Threading.Tasks.Sources.IValueTaskSource<TResult>.GetResult(Int16 token)
   at System.Net.Security.SslStream.ReadAsyncInternal[TIOAdapter](Memory`1 buffer, CancellationToken cancellationToken)
   at System.Runtime.CompilerServices.PoolingAsyncValueTaskMethodBuilder`1.StateMachineBox`1.System.Threading.Tasks.Sources.IValueTaskSource<TResult>.GetResult(Int16 token)
   at System.Net.Http.HttpConnection.SendAsync(HttpRequestMessage request, Boolean async, CancellationToken cancellationToken)
   --- End of inner exception stack trace ---
   at System.Net.Http.HttpConnection.SendAsync(HttpRequestMessage request, Boolean async, CancellationToken cancellationToken)
   at System.Net.Http.AuthenticationHelper.SendWithNtAuthAsync(HttpRequestMessage request, Uri authUri, Boolean async, ICredentials credentials, Boolean isProxyAuth, HttpConnection connection, HttpConnectionPool connectionPool, CancellationToken cancellationToken)
   at System.Net.Http.HttpConnectionPool.SendWithVersionDetectionAndRetryAsync(HttpRequestMessage request, Boolean async, Boolean doRequestAuth, CancellationToken cancellationToken)
   at System.Net.Http.AuthenticationHelper.SendWithAuthAsync(HttpRequestMessage request, Uri authUri, Boolean async, ICredentials credentials, Boolean preAuthenticate, Boolean isProxyAuth, Boolean doRequestAuth, HttpConnectionPool pool, CancellationToken cancellationToken)
   at System.Net.Http.RedirectHandler.SendAsync(HttpRequestMessage request, Boolean async, CancellationToken cancellationToken)
   at GitHub.Services.Common.RawHttpMessageHandler.SendAsync(HttpRequestMessage request, CancellationToken cancellationToken)
   at GitHub.Services.Common.VssHttpRetryMessageHandler.SendAsync(HttpRequestMessage request, CancellationToken cancellationToken)
   at System.Net.Http.HttpClient.<SendAsync>g__Core|83_0(HttpRequestMessage request, HttpCompletionOption completionOption, CancellationTokenSource cts, Boolean disposeCts, CancellationTokenSource pendingRequestsCts, CancellationToken originalCancellationToken)
[2025-11-08 15:52:59Z ERR  BrokerServer] #####################################################
[2025-11-08 15:52:59Z ERR  BrokerServer] System.IO.IOException: Unable to read data from the transport connection: A operação de E/S foi anulada devido a uma saída de thread ou a uma requisição de aplicativo..
 ---> System.Net.Sockets.SocketException (995): A operação de E/S foi anulada devido a uma saída de thread ou a uma requisição de aplicativo.
   --- End of inner exception stack trace ---
   at System.Net.Sockets.Socket.AwaitableSocketAsyncEventArgs.System.Threading.Tasks.Sources.IValueTaskSource<System.Int32>.GetResult(Int16 token)
   at System.Net.Security.SslStream.EnsureFullTlsFrameAsync[TIOAdapter](CancellationToken cancellationToken, Int32 estimatedSize)
   at System.Runtime.CompilerServices.PoolingAsyncValueTaskMethodBuilder`1.StateMachineBox`1.System.Threading.Tasks.Sources.IValueTaskSource<TResult>.GetResult(Int16 token)
   at System.Net.Security.SslStream.ReadAsyncInternal[TIOAdapter](Memory`1 buffer, CancellationToken cancellationToken)
   at System.Runtime.CompilerServices.PoolingAsyncValueTaskMethodBuilder`1.StateMachineBox`1.System.Threading.Tasks.Sources.IValueTaskSource<TResult>.GetResult(Int16 token)
   at System.Net.Http.HttpConnection.SendAsync(HttpRequestMessage request, Boolean async, CancellationToken cancellationToken)
[2025-11-08 15:52:59Z ERR  BrokerServer] #####################################################
[2025-11-08 15:52:59Z ERR  BrokerServer] System.Net.Sockets.SocketException (995): A operação de E/S foi anulada devido a uma saída de thread ou a uma requisição de aplicativo.
[2025-11-08 15:52:59Z WARN BrokerServer] Back off 9,516 seconds before next retry. 4 attempt left.
[2025-11-08 15:52:59Z INFO BrokerMessageListener] Get messages has been cancelled using local token source. Continue to get messages with new status.
[2025-11-08 15:53:42Z INFO Terminal] WRITE LINE: Exiting...
[2025-11-08 15:53:42Z INFO ConfigurationStore] IsServiceConfigured()
[2025-11-08 15:53:42Z INFO ConfigurationStore] IsServiceConfigured: False
[2025-11-08 15:53:42Z INFO HostContext] Runner will be shutdown for UserCancelled
[2025-11-08 15:53:42Z WARN GitHubActionsService] GET request to https://broker.actions.githubusercontent.com/message?sessionId=99904668-5f23-4ebd-bc65-5574b26a1772&status=Online&runnerVersion=2.329.0&os=Windows&architecture=X64&disableUpdate=false has been cancelled.
[2025-11-08 15:53:42Z ERR  BrokerServer] Catch exception during request
[2025-11-08 15:53:42Z ERR  BrokerServer] System.Threading.Tasks.TaskCanceledException: The operation was canceled.
 ---> System.Threading.Tasks.TaskCanceledException: The operation was canceled.
 ---> System.IO.IOException: Unable to read data from the transport connection: A operação de E/S foi anulada devido a uma saída de thread ou a uma requisição de aplicativo..
 ---> System.Net.Sockets.SocketException (995): A operação de E/S foi anulada devido a uma saída de thread ou a uma requisição de aplicativo.
   --- End of inner exception stack trace ---
   at System.Net.Sockets.Socket.AwaitableSocketAsyncEventArgs.System.Threading.Tasks.Sources.IValueTaskSource<System.Int32>.GetResult(Int16 token)
   at System.Net.Security.SslStream.EnsureFullTlsFrameAsync[TIOAdapter](CancellationToken cancellationToken, Int32 estimatedSize)
   at System.Runtime.CompilerServices.PoolingAsyncValueTaskMethodBuilder`1.StateMachineBox`1.System.Threading.Tasks.Sources.IValueTaskSource<TResult>.GetResult(Int16 token)
   at System.Net.Security.SslStream.ReadAsyncInternal[TIOAdapter](Memory`1 buffer, CancellationToken cancellationToken)
   at System.Runtime.CompilerServices.PoolingAsyncValueTaskMethodBuilder`1.StateMachineBox`1.System.Threading.Tasks.Sources.IValueTaskSource<TResult>.GetResult(Int16 token)
   at System.Net.Http.HttpConnection.InitialFillAsync(Boolean async)
   at System.Net.Http.HttpConnection.SendAsync(HttpRequestMessage request, Boolean async, CancellationToken cancellationToken)
   --- End of inner exception stack trace ---
   at System.Net.Http.HttpConnection.SendAsync(HttpRequestMessage request, Boolean async, CancellationToken cancellationToken)
   at System.Net.Http.AuthenticationHelper.SendWithNtAuthAsync(HttpRequestMessage request, Uri authUri, Boolean async, ICredentials credentials, Boolean isProxyAuth, HttpConnection connection, HttpConnectionPool connectionPool, CancellationToken cancellationToken)
   at System.Net.Http.HttpConnectionPool.SendWithVersionDetectionAndRetryAsync(HttpRequestMessage request, Boolean async, Boolean doRequestAuth, CancellationToken cancellationToken)
   at System.Net.Http.AuthenticationHelper.SendWithAuthAsync(HttpRequestMessage request, Uri authUri, Boolean async, ICredentials credentials, Boolean preAuthenticate, Boolean isProxyAuth, Boolean doRequestAuth, HttpConnectionPool pool, CancellationToken cancellationToken)
   at System.Net.Http.RedirectHandler.SendAsync(HttpRequestMessage request, Boolean async, CancellationToken cancellationToken)
   at GitHub.Services.Common.RawHttpMessageHandler.SendAsync(HttpRequestMessage request, CancellationToken cancellationToken)
   at GitHub.Services.Common.VssHttpRetryMessageHandler.SendAsync(HttpRequestMessage request, CancellationToken cancellationToken)
   at System.Net.Http.HttpClient.<SendAsync>g__Core|83_0(HttpRequestMessage request, HttpCompletionOption completionOption, CancellationTokenSource cts, Boolean disposeCts, CancellationTokenSource pendingRequestsCts, CancellationToken originalCancellationToken)
   --- End of inner exception stack trace ---
   at System.Net.Http.HttpClient.HandleFailure(Exception e, Boolean telemetryStarted, HttpResponseMessage response, CancellationTokenSource cts, CancellationToken cancellationToken, CancellationTokenSource pendingRequestsCts)
   at System.Net.Http.HttpClient.<SendAsync>g__Core|83_0(HttpRequestMessage request, HttpCompletionOption completionOption, CancellationTokenSource cts, Boolean disposeCts, CancellationTokenSource pendingRequestsCts, CancellationToken originalCancellationToken)
   at Sdk.WebApi.WebApi.RawHttpClientBase.SendAsync(HttpRequestMessage message, HttpCompletionOption completionOption, Object userState, CancellationToken cancellationToken)
   at Sdk.WebApi.WebApi.RawHttpClientBase.SendAsync[T](HttpRequestMessage message, Boolean readErrorBody, Object userState, CancellationToken cancellationToken)
   at Sdk.WebApi.WebApi.RawHttpClientBase.SendAsync[T](HttpMethod method, IEnumerable`1 additionalHeaders, Uri requestUri, HttpContent content, IEnumerable`1 queryParameters, Boolean readErrorBody, Object userState, CancellationToken cancellationToken)
   at GitHub.Actions.RunService.WebApi.BrokerHttpClient.GetRunnerMessageAsync(Nullable`1 sessionId, String runnerVersion, Nullable`1 status, String os, String architecture, Nullable`1 disableUpdate, CancellationToken cancellationToken)
   at GitHub.Runner.Common.BrokerServer.<>c__DisplayClass7_0.<<GetRunnerMessageAsync>b__0>d.MoveNext()
--- End of stack trace from previous location ---
   at GitHub.Runner.Common.RunnerService.RetryRequest[T](Func`1 func, CancellationToken cancellationToken, Int32 maxAttempts, Func`2 shouldRetry)
[2025-11-08 15:53:42Z ERR  BrokerServer] #####################################################
[2025-11-08 15:53:42Z ERR  BrokerServer] System.Threading.Tasks.TaskCanceledException: The operation was canceled.
 ---> System.IO.IOException: Unable to read data from the transport connection: A operação de E/S foi anulada devido a uma saída de thread ou a uma requisição de aplicativo..
 ---> System.Net.Sockets.SocketException (995): A operação de E/S foi anulada devido a uma saída de thread ou a uma requisição de aplicativo.
   --- End of inner exception stack trace ---
   at System.Net.Sockets.Socket.AwaitableSocketAsyncEventArgs.System.Threading.Tasks.Sources.IValueTaskSource<System.Int32>.GetResult(Int16 token)
   at System.Net.Security.SslStream.EnsureFullTlsFrameAsync[TIOAdapter](CancellationToken cancellationToken, Int32 estimatedSize)
   at System.Runtime.CompilerServices.PoolingAsyncValueTaskMethodBuilder`1.StateMachineBox`1.System.Threading.Tasks.Sources.IValueTaskSource<TResult>.GetResult(Int16 token)
   at System.Net.Security.SslStream.ReadAsyncInternal[TIOAdapter](Memory`1 buffer, CancellationToken cancellationToken)
   at System.Runtime.CompilerServices.PoolingAsyncValueTaskMethodBuilder`1.StateMachineBox`1.System.Threading.Tasks.Sources.IValueTaskSource<TResult>.GetResult(Int16 token)
   at System.Net.Http.HttpConnection.InitialFillAsync(Boolean async)
   at System.Net.Http.HttpConnection.SendAsync(HttpRequestMessage request, Boolean async, CancellationToken cancellationToken)
   --- End of inner exception stack trace ---
   at System.Net.Http.HttpConnection.SendAsync(HttpRequestMessage request, Boolean async, CancellationToken cancellationToken)
   at System.Net.Http.AuthenticationHelper.SendWithNtAuthAsync(HttpRequestMessage request, Uri authUri, Boolean async, ICredentials credentials, Boolean isProxyAuth, HttpConnection connection, HttpConnectionPool connectionPool, CancellationToken cancellationToken)
   at System.Net.Http.HttpConnectionPool.SendWithVersionDetectionAndRetryAsync(HttpRequestMessage request, Boolean async, Boolean doRequestAuth, CancellationToken cancellationToken)
   at System.Net.Http.AuthenticationHelper.SendWithAuthAsync(HttpRequestMessage request, Uri authUri, Boolean async, ICredentials credentials, Boolean preAuthenticate, Boolean isProxyAuth, Boolean doRequestAuth, HttpConnectionPool pool, CancellationToken cancellationToken)
   at System.Net.Http.RedirectHandler.SendAsync(HttpRequestMessage request, Boolean async, CancellationToken cancellationToken)
   at GitHub.Services.Common.RawHttpMessageHandler.SendAsync(HttpRequestMessage request, CancellationToken cancellationToken)
   at GitHub.Services.Common.VssHttpRetryMessageHandler.SendAsync(HttpRequestMessage request, CancellationToken cancellationToken)
   at System.Net.Http.HttpClient.<SendAsync>g__Core|83_0(HttpRequestMessage request, HttpCompletionOption completionOption, CancellationTokenSource cts, Boolean disposeCts, CancellationTokenSource pendingRequestsCts, CancellationToken originalCancellationToken)
[2025-11-08 15:53:42Z ERR  BrokerServer] #####################################################
[2025-11-08 15:53:42Z ERR  BrokerServer] System.IO.IOException: Unable to read data from the transport connection: A operação de E/S foi anulada devido a uma saída de thread ou a uma requisição de aplicativo..
 ---> System.Net.Sockets.SocketException (995): A operação de E/S foi anulada devido a uma saída de thread ou a uma requisição de aplicativo.
   --- End of inner exception stack trace ---
   at System.Net.Sockets.Socket.AwaitableSocketAsyncEventArgs.System.Threading.Tasks.Sources.IValueTaskSource<System.Int32>.GetResult(Int16 token)
   at System.Net.Security.SslStream.EnsureFullTlsFrameAsync[TIOAdapter](CancellationToken cancellationToken, Int32 estimatedSize)
   at System.Runtime.CompilerServices.PoolingAsyncValueTaskMethodBuilder`1.StateMachineBox`1.System.Threading.Tasks.Sources.IValueTaskSource<TResult>.GetResult(Int16 token)
   at System.Net.Security.SslStream.ReadAsyncInternal[TIOAdapter](Memory`1 buffer, CancellationToken cancellationToken)
   at System.Runtime.CompilerServices.PoolingAsyncValueTaskMethodBuilder`1.StateMachineBox`1.System.Threading.Tasks.Sources.IValueTaskSource<TResult>.GetResult(Int16 token)
   at System.Net.Http.HttpConnection.InitialFillAsync(Boolean async)
   at System.Net.Http.HttpConnection.SendAsync(HttpRequestMessage request, Boolean async, CancellationToken cancellationToken)
[2025-11-08 15:53:42Z ERR  BrokerServer] #####################################################
[2025-11-08 15:53:42Z ERR  BrokerServer] System.Net.Sockets.SocketException (995): A operação de E/S foi anulada devido a uma saída de thread ou a uma requisição de aplicativo.
[2025-11-08 15:53:42Z WARN BrokerServer] Back off 5,454 seconds before next retry. 4 attempt left.
[2025-11-08 15:53:42Z INFO BrokerMessageListener] Get next message has been cancelled.
[2025-11-08 15:53:42Z INFO JobDispatcher] Shutting down JobDispatcher. Make sure all WorkerDispatcher has finished.
[2025-11-08 15:53:42Z INFO JobDispatcher] Ensure WorkerDispatcher for job 9aab9f9f-559f-5064-9a9e-090786080d62 run to finish, cancel any running job.
[2025-11-08 15:53:42Z INFO JobDispatcher] Job request 9aab9f9f-559f-5064-9a9e-090786080d62 processed succeed.
[2025-11-08 15:53:42Z INFO Runner] Deleting Runner Session...
[2025-11-08 15:53:42Z INFO Listener] Runner execution been cancelled.
